[2020/11/05-14:12:26] [restartedMain] [INFO ] [com.aviccii.cc.CcApplication] : Starting CcApplication on DESKTOP-11K43QD with PID 9380 (D:\JAVAProject\blogSystem\target\classes started by Administrator in D:\JAVAProject\blogSystem)
[2020/11/05-14:12:26] [restartedMain] [INFO ] [com.aviccii.cc.CcApplication] : The following profiles are active: dev
[2020/11/05-14:12:34] [restartedMain] [INFO ] [com.aviccii.cc.CcApplication] : Started CcApplication in 8.118 seconds (JVM running for 9.525)
[2020/11/05-14:24:14] [http-nio-2020-exec-1] [INFO ] [com.aviccii.cc.services.impl.UserServiceImpl] : checkuser2 ---> avicci
[2020/11/05-14:24:19] [http-nio-2020-exec-7] [INFO ] [com.aviccii.cc.services.impl.IImageServiceImpl] : viewImage format == >2020_11_04
[2020/11/05-14:24:19] [http-nio-2020-exec-6] [INFO ] [com.aviccii.cc.services.impl.IImageServiceImpl] : viewImage format == >2020_11_04
[2020/11/05-14:24:19] [http-nio-2020-exec-8] [INFO ] [com.aviccii.cc.services.impl.IImageServiceImpl] : viewImage format == >2020_11_04
[2020/11/05-14:24:19] [http-nio-2020-exec-8] [INFO ] [com.aviccii.cc.services.impl.IImageServiceImpl] : get image target path  === >D:\\JAVAProject\\images\2020_11_04\jpg\\773591741616881664.jpg
[2020/11/05-14:24:19] [http-nio-2020-exec-7] [INFO ] [com.aviccii.cc.services.impl.IImageServiceImpl] : get image target path  === >D:\\JAVAProject\\images\2020_11_04\jpg\\773605414414581760.jpg
[2020/11/05-14:24:19] [http-nio-2020-exec-6] [INFO ] [com.aviccii.cc.services.impl.IImageServiceImpl] : get image target path  === >D:\\JAVAProject\\images\2020_11_04\jpg\\773605375772459008.jpg
[2020/11/05-14:24:19] [http-nio-2020-exec-9] [INFO ] [com.aviccii.cc.services.impl.IImageServiceImpl] : viewImage format == >2020_10_20
[2020/11/05-14:24:19] [http-nio-2020-exec-9] [INFO ] [com.aviccii.cc.services.impl.IImageServiceImpl] : get image target path  === >D:\\JAVAProject\\images\2020_10_20\png\\768039862963011584.png
[2020/11/05-14:24:19] [http-nio-2020-exec-10] [INFO ] [com.aviccii.cc.services.impl.IImageServiceImpl] : viewImage format == >2020_11_04
[2020/11/05-14:24:19] [http-nio-2020-exec-1] [INFO ] [com.aviccii.cc.services.impl.IImageServiceImpl] : viewImage format == >2020_11_04
[2020/11/05-14:24:19] [http-nio-2020-exec-10] [INFO ] [com.aviccii.cc.services.impl.IImageServiceImpl] : get image target path  === >D:\\JAVAProject\\images\2020_11_04\jpg\\773605414414581760.jpg
[2020/11/05-14:24:19] [http-nio-2020-exec-1] [INFO ] [com.aviccii.cc.services.impl.IImageServiceImpl] : get image target path  === >D:\\JAVAProject\\images\2020_11_04\jpg\\773605375772459008.jpg
[2020/11/05-14:24:19] [http-nio-2020-exec-2] [INFO ] [com.aviccii.cc.services.impl.IImageServiceImpl] : viewImage format == >2020_11_04
[2020/11/05-14:24:19] [http-nio-2020-exec-2] [INFO ] [com.aviccii.cc.services.impl.IImageServiceImpl] : get image target path  === >D:\\JAVAProject\\images\2020_11_04\jpg\\773591741616881664.jpg
[2020/11/05-14:24:19] [http-nio-2020-exec-3] [INFO ] [com.aviccii.cc.services.impl.IImageServiceImpl] : viewImage format == >2020_10_20
[2020/11/05-14:24:19] [http-nio-2020-exec-3] [INFO ] [com.aviccii.cc.services.impl.IImageServiceImpl] : get image target path  === >D:\\JAVAProject\\images\2020_10_20\png\\768039862963011584.png
[2020/11/05-14:24:23] [http-nio-2020-exec-8] [INFO ] [com.aviccii.cc.services.impl.IImageServiceImpl] : viewImage format == >2020_11_04
[2020/11/05-14:24:23] [http-nio-2020-exec-8] [INFO ] [com.aviccii.cc.services.impl.IImageServiceImpl] : get image target path  === >D:\\JAVAProject\\images\2020_11_04\jpg\\773605414414581760.jpg
[2020/11/05-14:24:23] [http-nio-2020-exec-6] [INFO ] [com.aviccii.cc.services.impl.IImageServiceImpl] : viewImage format == >2020_11_04
[2020/11/05-14:24:23] [http-nio-2020-exec-6] [INFO ] [com.aviccii.cc.services.impl.IImageServiceImpl] : get image target path  === >D:\\JAVAProject\\images\2020_11_04\jpg\\773605375772459008.jpg
[2020/11/05-14:24:23] [http-nio-2020-exec-10] [INFO ] [com.aviccii.cc.services.impl.IImageServiceImpl] : viewImage format == >2020_11_04
[2020/11/05-14:24:23] [http-nio-2020-exec-10] [INFO ] [com.aviccii.cc.services.impl.IImageServiceImpl] : get image target path  === >D:\\JAVAProject\\images\2020_11_04\jpg\\773591741616881664.jpg
[2020/11/05-14:24:23] [http-nio-2020-exec-1] [INFO ] [com.aviccii.cc.services.impl.IImageServiceImpl] : viewImage format == >2020_10_20
[2020/11/05-14:24:23] [http-nio-2020-exec-1] [INFO ] [com.aviccii.cc.services.impl.IImageServiceImpl] : get image target path  === >D:\\JAVAProject\\images\2020_10_20\png\\768039862963011584.png
[2020/11/05-14:24:23] [http-nio-2020-exec-2] [INFO ] [com.aviccii.cc.services.impl.IImageServiceImpl] : viewImage format == >2020_11_04
[2020/11/05-14:24:23] [http-nio-2020-exec-2] [INFO ] [com.aviccii.cc.services.impl.IImageServiceImpl] : get image target path  === >D:\\JAVAProject\\images\2020_11_04\jpg\\773605414414581760.jpg
[2020/11/05-14:24:23] [http-nio-2020-exec-3] [INFO ] [com.aviccii.cc.services.impl.IImageServiceImpl] : viewImage format == >2020_11_04
[2020/11/05-14:24:23] [http-nio-2020-exec-3] [INFO ] [com.aviccii.cc.services.impl.IImageServiceImpl] : get image target path  === >D:\\JAVAProject\\images\2020_11_04\jpg\\773605375772459008.jpg
[2020/11/05-14:24:23] [http-nio-2020-exec-4] [INFO ] [com.aviccii.cc.services.impl.IImageServiceImpl] : viewImage format == >2020_11_04
[2020/11/05-14:24:23] [http-nio-2020-exec-4] [INFO ] [com.aviccii.cc.services.impl.IImageServiceImpl] : get image target path  === >D:\\JAVAProject\\images\2020_11_04\jpg\\773591741616881664.jpg
[2020/11/05-14:24:23] [http-nio-2020-exec-5] [INFO ] [com.aviccii.cc.services.impl.IImageServiceImpl] : viewImage format == >2020_10_20
[2020/11/05-14:24:23] [http-nio-2020-exec-5] [INFO ] [com.aviccii.cc.services.impl.IImageServiceImpl] : get image target path  === >D:\\JAVAProject\\images\2020_10_20\png\\768039862963011584.png
[2020/11/05-14:24:52] [http-nio-2020-exec-6] [INFO ] [com.aviccii.cc.services.impl.UserServiceImpl] : captcha font type index == >2
[2020/11/05-14:24:52] [http-nio-2020-exec-6] [INFO ] [com.aviccii.cc.services.impl.UserServiceImpl] : captcha content == >-6
[2020/11/05-14:24:54] [http-nio-2020-exec-10] [INFO ] [com.aviccii.cc.services.impl.UserServiceImpl] : captcha font type index == >9
[2020/11/05-14:24:54] [http-nio-2020-exec-10] [INFO ] [com.aviccii.cc.services.impl.UserServiceImpl] : captcha content == >0
[2020/11/05-14:24:56] [http-nio-2020-exec-1] [INFO ] [com.aviccii.cc.services.impl.UserServiceImpl] : password ==>123456
[2020/11/05-14:24:56] [http-nio-2020-exec-1] [INFO ] [com.aviccii.cc.services.impl.UserServiceImpl] : passwordEncoding ==>$2a$10$BIQeIgZhagXjEMi9EWET0OqCPltWTMnQyoFIyXWj/B/jDFAFYf/5.
[2020/11/05-14:24:58] [http-nio-2020-exec-9] [INFO ] [com.aviccii.cc.services.impl.IImageServiceImpl] : viewImage format == >2020_11_04
[2020/11/05-14:24:58] [http-nio-2020-exec-5] [INFO ] [com.aviccii.cc.services.impl.IImageServiceImpl] : viewImage format == >2020_11_04
[2020/11/05-14:24:58] [http-nio-2020-exec-9] [INFO ] [com.aviccii.cc.services.impl.IImageServiceImpl] : get image target path  === >D:\\JAVAProject\\images\2020_11_04\jpg\\773605375772459008.jpg
[2020/11/05-14:24:58] [http-nio-2020-exec-7] [INFO ] [com.aviccii.cc.services.impl.IImageServiceImpl] : viewImage format == >2020_11_04
[2020/11/05-14:24:58] [http-nio-2020-exec-7] [INFO ] [com.aviccii.cc.services.impl.IImageServiceImpl] : get image target path  === >D:\\JAVAProject\\images\2020_11_04\jpg\\773591741616881664.jpg
[2020/11/05-14:24:58] [http-nio-2020-exec-5] [INFO ] [com.aviccii.cc.services.impl.IImageServiceImpl] : get image target path  === >D:\\JAVAProject\\images\2020_11_04\jpg\\773605414414581760.jpg
[2020/11/05-14:24:58] [http-nio-2020-exec-8] [INFO ] [com.aviccii.cc.services.impl.IImageServiceImpl] : viewImage format == >2020_10_20
[2020/11/05-14:24:58] [http-nio-2020-exec-8] [INFO ] [com.aviccii.cc.services.impl.IImageServiceImpl] : get image target path  === >D:\\JAVAProject\\images\2020_10_20\png\\768039862963011584.png
[2020/11/05-14:24:58] [http-nio-2020-exec-6] [INFO ] [com.aviccii.cc.services.impl.IImageServiceImpl] : viewImage format == >2020_11_04
[2020/11/05-14:24:58] [http-nio-2020-exec-6] [INFO ] [com.aviccii.cc.services.impl.IImageServiceImpl] : get image target path  === >D:\\JAVAProject\\images\2020_11_04\jpg\\773605414414581760.jpg
[2020/11/05-14:24:58] [http-nio-2020-exec-6] [INFO ] [com.aviccii.cc.services.impl.IImageServiceImpl] : viewImage format == >2020_11_04
[2020/11/05-14:24:58] [http-nio-2020-exec-6] [INFO ] [com.aviccii.cc.services.impl.IImageServiceImpl] : get image target path  === >D:\\JAVAProject\\images\2020_11_04\jpg\\773605375772459008.jpg
[2020/11/05-14:24:58] [http-nio-2020-exec-10] [INFO ] [com.aviccii.cc.services.impl.IImageServiceImpl] : viewImage format == >2020_11_04
[2020/11/05-14:24:58] [http-nio-2020-exec-10] [INFO ] [com.aviccii.cc.services.impl.IImageServiceImpl] : get image target path  === >D:\\JAVAProject\\images\2020_11_04\jpg\\773591741616881664.jpg
[2020/11/05-14:24:58] [http-nio-2020-exec-10] [INFO ] [com.aviccii.cc.services.impl.IImageServiceImpl] : viewImage format == >2020_10_20
[2020/11/05-14:24:58] [http-nio-2020-exec-10] [INFO ] [com.aviccii.cc.services.impl.IImageServiceImpl] : get image target path  === >D:\\JAVAProject\\images\2020_10_20\png\\768039862963011584.png
[2020/11/05-14:26:53] [http-nio-2020-exec-8] [INFO ] [com.aviccii.cc.services.impl.IImageServiceImpl] : viewImage format == >2020_11_04
[2020/11/05-14:26:53] [http-nio-2020-exec-8] [INFO ] [com.aviccii.cc.services.impl.IImageServiceImpl] : get image target path  === >D:\\JAVAProject\\images\2020_11_04\jpg\\773605414414581760.jpg
[2020/11/05-14:26:53] [http-nio-2020-exec-6] [INFO ] [com.aviccii.cc.services.impl.IImageServiceImpl] : viewImage format == >2020_11_04
[2020/11/05-14:26:53] [http-nio-2020-exec-6] [INFO ] [com.aviccii.cc.services.impl.IImageServiceImpl] : get image target path  === >D:\\JAVAProject\\images\2020_11_04\jpg\\773605375772459008.jpg
[2020/11/05-14:26:53] [http-nio-2020-exec-10] [INFO ] [com.aviccii.cc.services.impl.IImageServiceImpl] : viewImage format == >2020_11_04
[2020/11/05-14:26:53] [http-nio-2020-exec-10] [INFO ] [com.aviccii.cc.services.impl.IImageServiceImpl] : get image target path  === >D:\\JAVAProject\\images\2020_11_04\jpg\\773591741616881664.jpg
[2020/11/05-14:26:53] [http-nio-2020-exec-1] [INFO ] [com.aviccii.cc.services.impl.IImageServiceImpl] : viewImage format == >2020_10_20
[2020/11/05-14:26:53] [http-nio-2020-exec-1] [INFO ] [com.aviccii.cc.services.impl.IImageServiceImpl] : get image target path  === >D:\\JAVAProject\\images\2020_10_20\png\\768039862963011584.png
[2020/11/05-14:26:54] [http-nio-2020-exec-3] [INFO ] [com.aviccii.cc.services.impl.IImageServiceImpl] : viewImage format == >2020_11_04
[2020/11/05-14:26:54] [http-nio-2020-exec-3] [INFO ] [com.aviccii.cc.services.impl.IImageServiceImpl] : get image target path  === >D:\\JAVAProject\\images\2020_11_04\jpg\\773605414414581760.jpg
[2020/11/05-14:26:54] [http-nio-2020-exec-2] [INFO ] [com.aviccii.cc.services.impl.IImageServiceImpl] : viewImage format == >2020_11_04
[2020/11/05-14:26:54] [http-nio-2020-exec-4] [INFO ] [com.aviccii.cc.services.impl.IImageServiceImpl] : viewImage format == >2020_11_04
[2020/11/05-14:26:54] [http-nio-2020-exec-2] [INFO ] [com.aviccii.cc.services.impl.IImageServiceImpl] : get image target path  === >D:\\JAVAProject\\images\2020_11_04\jpg\\773605375772459008.jpg
[2020/11/05-14:26:54] [http-nio-2020-exec-4] [INFO ] [com.aviccii.cc.services.impl.IImageServiceImpl] : get image target path  === >D:\\JAVAProject\\images\2020_11_04\jpg\\773591741616881664.jpg
[2020/11/05-14:26:54] [http-nio-2020-exec-5] [INFO ] [com.aviccii.cc.services.impl.IImageServiceImpl] : viewImage format == >2020_10_20
[2020/11/05-14:26:54] [http-nio-2020-exec-5] [INFO ] [com.aviccii.cc.services.impl.IImageServiceImpl] : get image target path  === >D:\\JAVAProject\\images\2020_10_20\png\\768039862963011584.png
[2020/11/05-14:27:45] [http-nio-2020-exec-8] [INFO ] [com.aviccii.cc.services.impl.IImageServiceImpl] : viewImage format == >2020_11_04
[2020/11/05-14:27:45] [http-nio-2020-exec-8] [INFO ] [com.aviccii.cc.services.impl.IImageServiceImpl] : get image target path  === >D:\\JAVAProject\\images\2020_11_04\jpg\\773605414414581760.jpg
[2020/11/05-14:27:45] [http-nio-2020-exec-6] [INFO ] [com.aviccii.cc.services.impl.IImageServiceImpl] : viewImage format == >2020_11_04
[2020/11/05-14:27:45] [http-nio-2020-exec-6] [INFO ] [com.aviccii.cc.services.impl.IImageServiceImpl] : get image target path  === >D:\\JAVAProject\\images\2020_11_04\jpg\\773605375772459008.jpg
[2020/11/05-14:27:45] [http-nio-2020-exec-10] [INFO ] [com.aviccii.cc.services.impl.IImageServiceImpl] : viewImage format == >2020_11_04
[2020/11/05-14:27:45] [http-nio-2020-exec-10] [INFO ] [com.aviccii.cc.services.impl.IImageServiceImpl] : get image target path  === >D:\\JAVAProject\\images\2020_11_04\jpg\\773591741616881664.jpg
[2020/11/05-14:27:45] [http-nio-2020-exec-1] [INFO ] [com.aviccii.cc.services.impl.IImageServiceImpl] : viewImage format == >2020_10_20
[2020/11/05-14:27:45] [http-nio-2020-exec-1] [INFO ] [com.aviccii.cc.services.impl.IImageServiceImpl] : get image target path  === >D:\\JAVAProject\\images\2020_10_20\png\\768039862963011584.png
[2020/11/05-14:27:45] [http-nio-2020-exec-3] [INFO ] [com.aviccii.cc.services.impl.IImageServiceImpl] : viewImage format == >2020_11_04
[2020/11/05-14:27:45] [http-nio-2020-exec-3] [INFO ] [com.aviccii.cc.services.impl.IImageServiceImpl] : get image target path  === >D:\\JAVAProject\\images\2020_11_04\jpg\\773605414414581760.jpg
[2020/11/05-14:27:45] [http-nio-2020-exec-3] [INFO ] [com.aviccii.cc.services.impl.IImageServiceImpl] : viewImage format == >2020_11_04
[2020/11/05-14:27:45] [http-nio-2020-exec-3] [INFO ] [com.aviccii.cc.services.impl.IImageServiceImpl] : get image target path  === >D:\\JAVAProject\\images\2020_11_04\jpg\\773605375772459008.jpg
[2020/11/05-14:27:45] [http-nio-2020-exec-4] [INFO ] [com.aviccii.cc.services.impl.IImageServiceImpl] : viewImage format == >2020_11_04
[2020/11/05-14:27:45] [http-nio-2020-exec-4] [INFO ] [com.aviccii.cc.services.impl.IImageServiceImpl] : get image target path  === >D:\\JAVAProject\\images\2020_11_04\jpg\\773591741616881664.jpg
[2020/11/05-14:27:45] [http-nio-2020-exec-2] [INFO ] [com.aviccii.cc.services.impl.IImageServiceImpl] : viewImage format == >2020_10_20
[2020/11/05-14:27:45] [http-nio-2020-exec-2] [INFO ] [com.aviccii.cc.services.impl.IImageServiceImpl] : get image target path  === >D:\\JAVAProject\\images\2020_10_20\png\\768039862963011584.png
[2020/11/05-14:28:21] [http-nio-2020-exec-6] [INFO ] [com.aviccii.cc.services.impl.IImageServiceImpl] : viewImage format == >2020_11_04
[2020/11/05-14:28:21] [http-nio-2020-exec-8] [INFO ] [com.aviccii.cc.services.impl.IImageServiceImpl] : viewImage format == >2020_11_04
[2020/11/05-14:28:21] [http-nio-2020-exec-6] [INFO ] [com.aviccii.cc.services.impl.IImageServiceImpl] : get image target path  === >D:\\JAVAProject\\images\2020_11_04\jpg\\773605375772459008.jpg
[2020/11/05-14:28:21] [http-nio-2020-exec-8] [INFO ] [com.aviccii.cc.services.impl.IImageServiceImpl] : get image target path  === >D:\\JAVAProject\\images\2020_11_04\jpg\\773605414414581760.jpg
[2020/11/05-14:28:21] [http-nio-2020-exec-10] [INFO ] [com.aviccii.cc.services.impl.IImageServiceImpl] : viewImage format == >2020_11_04
[2020/11/05-14:28:21] [http-nio-2020-exec-10] [INFO ] [com.aviccii.cc.services.impl.IImageServiceImpl] : get image target path  === >D:\\JAVAProject\\images\2020_11_04\jpg\\773591741616881664.jpg
[2020/11/05-14:28:21] [http-nio-2020-exec-1] [INFO ] [com.aviccii.cc.services.impl.IImageServiceImpl] : viewImage format == >2020_10_20
[2020/11/05-14:28:21] [http-nio-2020-exec-1] [INFO ] [com.aviccii.cc.services.impl.IImageServiceImpl] : get image target path  === >D:\\JAVAProject\\images\2020_10_20\png\\768039862963011584.png
[2020/11/05-14:28:21] [http-nio-2020-exec-3] [INFO ] [com.aviccii.cc.services.impl.IImageServiceImpl] : viewImage format == >2020_11_04
[2020/11/05-14:28:21] [http-nio-2020-exec-3] [INFO ] [com.aviccii.cc.services.impl.IImageServiceImpl] : get image target path  === >D:\\JAVAProject\\images\2020_11_04\jpg\\773605414414581760.jpg
[2020/11/05-14:28:21] [http-nio-2020-exec-4] [INFO ] [com.aviccii.cc.services.impl.IImageServiceImpl] : viewImage format == >2020_11_04
[2020/11/05-14:28:21] [http-nio-2020-exec-4] [INFO ] [com.aviccii.cc.services.impl.IImageServiceImpl] : get image target path  === >D:\\JAVAProject\\images\2020_11_04\jpg\\773605375772459008.jpg
[2020/11/05-14:28:21] [http-nio-2020-exec-2] [INFO ] [com.aviccii.cc.services.impl.IImageServiceImpl] : viewImage format == >2020_11_04
[2020/11/05-14:28:21] [http-nio-2020-exec-2] [INFO ] [com.aviccii.cc.services.impl.IImageServiceImpl] : get image target path  === >D:\\JAVAProject\\images\2020_11_04\jpg\\773591741616881664.jpg
[2020/11/05-14:28:21] [http-nio-2020-exec-5] [INFO ] [com.aviccii.cc.services.impl.IImageServiceImpl] : viewImage format == >2020_10_20
[2020/11/05-14:28:21] [http-nio-2020-exec-5] [INFO ] [com.aviccii.cc.services.impl.IImageServiceImpl] : get image target path  === >D:\\JAVAProject\\images\2020_10_20\png\\768039862963011584.png
[2020/11/05-14:28:24] [http-nio-2020-exec-8] [INFO ] [com.aviccii.cc.services.impl.IImageServiceImpl] : viewImage format == >2020_11_04
[2020/11/05-14:28:24] [http-nio-2020-exec-8] [INFO ] [com.aviccii.cc.services.impl.IImageServiceImpl] : get image target path  === >D:\\JAVAProject\\images\2020_11_04\jpg\\773605375772459008.jpg
[2020/11/05-14:28:24] [http-nio-2020-exec-6] [INFO ] [com.aviccii.cc.services.impl.IImageServiceImpl] : viewImage format == >2020_11_04
[2020/11/05-14:28:24] [http-nio-2020-exec-6] [INFO ] [com.aviccii.cc.services.impl.IImageServiceImpl] : get image target path  === >D:\\JAVAProject\\images\2020_11_04\jpg\\773591741616881664.jpg
[2020/11/05-14:28:24] [http-nio-2020-exec-10] [INFO ] [com.aviccii.cc.services.impl.IImageServiceImpl] : viewImage format == >2020_10_20
[2020/11/05-14:28:24] [http-nio-2020-exec-10] [INFO ] [com.aviccii.cc.services.impl.IImageServiceImpl] : get image target path  === >D:\\JAVAProject\\images\2020_10_20\png\\768039862963011584.png
[2020/11/05-14:28:24] [http-nio-2020-exec-1] [INFO ] [com.aviccii.cc.services.impl.IImageServiceImpl] : viewImage format == >2020_11_04
[2020/11/05-14:28:24] [http-nio-2020-exec-1] [INFO ] [com.aviccii.cc.services.impl.IImageServiceImpl] : get image target path  === >D:\\JAVAProject\\images\2020_11_04\jpg\\773605375772459008.jpg
[2020/11/05-14:28:24] [http-nio-2020-exec-3] [INFO ] [com.aviccii.cc.services.impl.IImageServiceImpl] : viewImage format == >2020_11_04
[2020/11/05-14:28:24] [http-nio-2020-exec-3] [INFO ] [com.aviccii.cc.services.impl.IImageServiceImpl] : get image target path  === >D:\\JAVAProject\\images\2020_11_04\jpg\\773591741616881664.jpg
[2020/11/05-14:28:24] [http-nio-2020-exec-4] [INFO ] [com.aviccii.cc.services.impl.IImageServiceImpl] : viewImage format == >2020_10_20
[2020/11/05-14:28:24] [http-nio-2020-exec-4] [INFO ] [com.aviccii.cc.services.impl.IImageServiceImpl] : get image target path  === >D:\\JAVAProject\\images\2020_10_20\png\\768039862963011584.png
[2020/11/05-14:28:33] [http-nio-2020-exec-9] [INFO ] [com.aviccii.cc.services.impl.IImageServiceImpl] : viewImage format == >2020_11_04
[2020/11/05-14:28:33] [http-nio-2020-exec-9] [INFO ] [com.aviccii.cc.services.impl.IImageServiceImpl] : get image target path  === >D:\\JAVAProject\\images\2020_11_04\jpg\\773591741616881664.jpg
[2020/11/05-14:28:33] [http-nio-2020-exec-7] [INFO ] [com.aviccii.cc.services.impl.IImageServiceImpl] : viewImage format == >2020_10_20
[2020/11/05-14:28:33] [http-nio-2020-exec-7] [INFO ] [com.aviccii.cc.services.impl.IImageServiceImpl] : get image target path  === >D:\\JAVAProject\\images\2020_10_20\png\\768039862963011584.png
[2020/11/05-14:28:33] [http-nio-2020-exec-8] [INFO ] [com.aviccii.cc.services.impl.IImageServiceImpl] : viewImage format == >2020_11_04
[2020/11/05-14:28:33] [http-nio-2020-exec-8] [INFO ] [com.aviccii.cc.services.impl.IImageServiceImpl] : get image target path  === >D:\\JAVAProject\\images\2020_11_04\jpg\\773591741616881664.jpg
[2020/11/05-14:28:33] [http-nio-2020-exec-6] [INFO ] [com.aviccii.cc.services.impl.IImageServiceImpl] : viewImage format == >2020_10_20
[2020/11/05-14:28:33] [http-nio-2020-exec-6] [INFO ] [com.aviccii.cc.services.impl.IImageServiceImpl] : get image target path  === >D:\\JAVAProject\\images\2020_10_20\png\\768039862963011584.png
[2020/11/05-14:30:17] [http-nio-2020-exec-9] [INFO ] [com.aviccii.cc.services.impl.IImageServiceImpl] : viewImage format == >2020_11_04
[2020/11/05-14:30:17] [http-nio-2020-exec-9] [INFO ] [com.aviccii.cc.services.impl.IImageServiceImpl] : get image target path  === >D:\\JAVAProject\\images\2020_11_04\jpg\\773591741616881664.jpg
[2020/11/05-14:30:17] [http-nio-2020-exec-7] [INFO ] [com.aviccii.cc.services.impl.IImageServiceImpl] : viewImage format == >2020_10_20
[2020/11/05-14:30:17] [http-nio-2020-exec-7] [INFO ] [com.aviccii.cc.services.impl.IImageServiceImpl] : get image target path  === >D:\\JAVAProject\\images\2020_10_20\png\\768039862963011584.png
[2020/11/05-14:30:17] [http-nio-2020-exec-8] [INFO ] [com.aviccii.cc.services.impl.IImageServiceImpl] : viewImage format == >2020_11_04
[2020/11/05-14:30:17] [http-nio-2020-exec-8] [INFO ] [com.aviccii.cc.services.impl.IImageServiceImpl] : get image target path  === >D:\\JAVAProject\\images\2020_11_04\jpg\\773591741616881664.jpg
[2020/11/05-14:30:17] [http-nio-2020-exec-6] [INFO ] [com.aviccii.cc.services.impl.IImageServiceImpl] : viewImage format == >2020_10_20
[2020/11/05-14:30:17] [http-nio-2020-exec-6] [INFO ] [com.aviccii.cc.services.impl.IImageServiceImpl] : get image target path  === >D:\\JAVAProject\\images\2020_10_20\png\\768039862963011584.png
[2020/11/05-14:31:05] [http-nio-2020-exec-4] [INFO ] [com.aviccii.cc.services.impl.IImageServiceImpl] : viewImage format == >2020_11_04
[2020/11/05-14:31:05] [http-nio-2020-exec-4] [INFO ] [com.aviccii.cc.services.impl.IImageServiceImpl] : get image target path  === >D:\\JAVAProject\\images\2020_11_04\jpg\\773591741616881664.jpg
[2020/11/05-14:31:05] [http-nio-2020-exec-3] [INFO ] [com.aviccii.cc.services.impl.IImageServiceImpl] : viewImage format == >2020_10_20
[2020/11/05-14:31:05] [http-nio-2020-exec-3] [INFO ] [com.aviccii.cc.services.impl.IImageServiceImpl] : get image target path  === >D:\\JAVAProject\\images\2020_10_20\png\\768039862963011584.png
[2020/11/05-14:31:05] [http-nio-2020-exec-2] [INFO ] [com.aviccii.cc.services.impl.IImageServiceImpl] : viewImage format == >2020_11_04
[2020/11/05-14:31:05] [http-nio-2020-exec-2] [INFO ] [com.aviccii.cc.services.impl.IImageServiceImpl] : get image target path  === >D:\\JAVAProject\\images\2020_11_04\jpg\\773591741616881664.jpg
[2020/11/05-14:31:05] [http-nio-2020-exec-5] [INFO ] [com.aviccii.cc.services.impl.IImageServiceImpl] : viewImage format == >2020_10_20
[2020/11/05-14:31:05] [http-nio-2020-exec-5] [INFO ] [com.aviccii.cc.services.impl.IImageServiceImpl] : get image target path  === >D:\\JAVAProject\\images\2020_10_20\png\\768039862963011584.png
[2020/11/05-14:31:07] [http-nio-2020-exec-8] [INFO ] [com.aviccii.cc.services.impl.IImageServiceImpl] : viewImage format == >2020_11_04
[2020/11/05-14:31:07] [http-nio-2020-exec-8] [INFO ] [com.aviccii.cc.services.impl.IImageServiceImpl] : get image target path  === >D:\\JAVAProject\\images\2020_11_04\jpg\\773591741616881664.jpg
[2020/11/05-14:31:07] [http-nio-2020-exec-6] [INFO ] [com.aviccii.cc.services.impl.IImageServiceImpl] : viewImage format == >2020_10_20
[2020/11/05-14:31:07] [http-nio-2020-exec-6] [INFO ] [com.aviccii.cc.services.impl.IImageServiceImpl] : get image target path  === >D:\\JAVAProject\\images\2020_10_20\png\\768039862963011584.png
[2020/11/05-14:31:07] [http-nio-2020-exec-10] [INFO ] [com.aviccii.cc.services.impl.IImageServiceImpl] : viewImage format == >2020_11_04
[2020/11/05-14:31:07] [http-nio-2020-exec-10] [INFO ] [com.aviccii.cc.services.impl.IImageServiceImpl] : get image target path  === >D:\\JAVAProject\\images\2020_11_04\jpg\\773591741616881664.jpg
[2020/11/05-14:31:07] [http-nio-2020-exec-10] [INFO ] [com.aviccii.cc.services.impl.IImageServiceImpl] : viewImage format == >2020_10_20
[2020/11/05-14:31:07] [http-nio-2020-exec-10] [INFO ] [com.aviccii.cc.services.impl.IImageServiceImpl] : get image target path  === >D:\\JAVAProject\\images\2020_10_20\png\\768039862963011584.png
[2020/11/05-14:41:55] [http-nio-2020-exec-2] [INFO ] [com.aviccii.cc.services.impl.IImageServiceImpl] : viewImage format == >2020_11_04
[2020/11/05-14:41:55] [http-nio-2020-exec-2] [INFO ] [com.aviccii.cc.services.impl.IImageServiceImpl] : get image target path  === >D:\\JAVAProject\\images\2020_11_04\jpg\\773591741616881664.jpg
[2020/11/05-14:41:55] [http-nio-2020-exec-5] [INFO ] [com.aviccii.cc.services.impl.IImageServiceImpl] : viewImage format == >2020_10_20
[2020/11/05-14:41:55] [http-nio-2020-exec-5] [INFO ] [com.aviccii.cc.services.impl.IImageServiceImpl] : get image target path  === >D:\\JAVAProject\\images\2020_10_20\png\\768039862963011584.png
[2020/11/05-14:41:55] [http-nio-2020-exec-9] [INFO ] [com.aviccii.cc.services.impl.IImageServiceImpl] : viewImage format == >2020_11_04
[2020/11/05-14:41:55] [http-nio-2020-exec-9] [INFO ] [com.aviccii.cc.services.impl.IImageServiceImpl] : get image target path  === >D:\\JAVAProject\\images\2020_11_04\jpg\\773591741616881664.jpg
[2020/11/05-14:41:55] [http-nio-2020-exec-7] [INFO ] [com.aviccii.cc.services.impl.IImageServiceImpl] : viewImage format == >2020_10_20
[2020/11/05-14:41:55] [http-nio-2020-exec-7] [INFO ] [com.aviccii.cc.services.impl.IImageServiceImpl] : get image target path  === >D:\\JAVAProject\\images\2020_10_20\png\\768039862963011584.png
[2020/11/05-14:41:55] [http-nio-2020-exec-6] [INFO ] [com.aviccii.cc.services.impl.IImageServiceImpl] : viewImage format == >2020_11_04
[2020/11/05-14:41:55] [http-nio-2020-exec-6] [INFO ] [com.aviccii.cc.services.impl.IImageServiceImpl] : get image target path  === >D:\\JAVAProject\\images\2020_11_04\jpg\\773591741616881664.jpg
[2020/11/05-14:41:55] [http-nio-2020-exec-10] [INFO ] [com.aviccii.cc.services.impl.IImageServiceImpl] : viewImage format == >2020_10_20
[2020/11/05-14:41:55] [http-nio-2020-exec-10] [INFO ] [com.aviccii.cc.services.impl.IImageServiceImpl] : get image target path  === >D:\\JAVAProject\\images\2020_10_20\png\\768039862963011584.png
[2020/11/05-14:41:55] [http-nio-2020-exec-1] [INFO ] [com.aviccii.cc.services.impl.IImageServiceImpl] : viewImage format == >2020_11_04
[2020/11/05-14:41:55] [http-nio-2020-exec-1] [INFO ] [com.aviccii.cc.services.impl.IImageServiceImpl] : get image target path  === >D:\\JAVAProject\\images\2020_11_04\jpg\\773591741616881664.jpg
[2020/11/05-14:41:55] [http-nio-2020-exec-4] [INFO ] [com.aviccii.cc.services.impl.IImageServiceImpl] : viewImage format == >2020_10_20
[2020/11/05-14:41:55] [http-nio-2020-exec-4] [INFO ] [com.aviccii.cc.services.impl.IImageServiceImpl] : get image target path  === >D:\\JAVAProject\\images\2020_10_20\png\\768039862963011584.png
[2020/11/05-14:42:32] [http-nio-2020-exec-2] [INFO ] [com.aviccii.cc.services.impl.IImageServiceImpl] : viewImage format == >2020_11_04
[2020/11/05-14:42:32] [http-nio-2020-exec-2] [INFO ] [com.aviccii.cc.services.impl.IImageServiceImpl] : get image target path  === >D:\\JAVAProject\\images\2020_11_04\jpg\\773591741616881664.jpg
[2020/11/05-14:42:32] [http-nio-2020-exec-5] [INFO ] [com.aviccii.cc.services.impl.IImageServiceImpl] : viewImage format == >2020_10_20
[2020/11/05-14:42:32] [http-nio-2020-exec-5] [INFO ] [com.aviccii.cc.services.impl.IImageServiceImpl] : get image target path  === >D:\\JAVAProject\\images\2020_10_20\png\\768039862963011584.png
[2020/11/05-14:42:32] [http-nio-2020-exec-9] [INFO ] [com.aviccii.cc.services.impl.IImageServiceImpl] : viewImage format == >2020_11_04
[2020/11/05-14:42:32] [http-nio-2020-exec-9] [INFO ] [com.aviccii.cc.services.impl.IImageServiceImpl] : get image target path  === >D:\\JAVAProject\\images\2020_11_04\jpg\\773591741616881664.jpg
[2020/11/05-14:42:32] [http-nio-2020-exec-9] [INFO ] [com.aviccii.cc.services.impl.IImageServiceImpl] : viewImage format == >2020_10_20
[2020/11/05-14:42:32] [http-nio-2020-exec-9] [INFO ] [com.aviccii.cc.services.impl.IImageServiceImpl] : get image target path  === >D:\\JAVAProject\\images\2020_10_20\png\\768039862963011584.png
[2020/11/05-14:42:46] [http-nio-2020-exec-7] [INFO ] [com.aviccii.cc.services.impl.IImageServiceImpl] : viewImage format == >2020_11_04
[2020/11/05-14:42:46] [http-nio-2020-exec-7] [INFO ] [com.aviccii.cc.services.impl.IImageServiceImpl] : get image target path  === >D:\\JAVAProject\\images\2020_11_04\jpg\\773591741616881664.jpg
[2020/11/05-14:48:17] [http-nio-2020-exec-1] [INFO ] [com.aviccii.cc.services.impl.IImageServiceImpl] : viewImage format == >2020_11_04
[2020/11/05-14:48:17] [http-nio-2020-exec-1] [INFO ] [com.aviccii.cc.services.impl.IImageServiceImpl] : get image target path  === >D:\\JAVAProject\\images\2020_11_04\jpg\\773591741616881664.jpg
[2020/11/05-14:48:17] [http-nio-2020-exec-4] [INFO ] [com.aviccii.cc.services.impl.IImageServiceImpl] : viewImage format == >2020_10_20
[2020/11/05-14:48:17] [http-nio-2020-exec-4] [INFO ] [com.aviccii.cc.services.impl.IImageServiceImpl] : get image target path  === >D:\\JAVAProject\\images\2020_10_20\png\\768039862963011584.png
[2020/11/05-14:48:17] [http-nio-2020-exec-3] [INFO ] [com.aviccii.cc.services.impl.IImageServiceImpl] : viewImage format == >2020_11_04
[2020/11/05-14:48:17] [http-nio-2020-exec-3] [INFO ] [com.aviccii.cc.services.impl.IImageServiceImpl] : get image target path  === >D:\\JAVAProject\\images\2020_11_04\jpg\\773591741616881664.jpg
[2020/11/05-14:48:17] [http-nio-2020-exec-2] [INFO ] [com.aviccii.cc.services.impl.IImageServiceImpl] : viewImage format == >2020_10_20
[2020/11/05-14:48:17] [http-nio-2020-exec-2] [INFO ] [com.aviccii.cc.services.impl.IImageServiceImpl] : get image target path  === >D:\\JAVAProject\\images\2020_10_20\png\\768039862963011584.png
[2020/11/05-14:49:13] [http-nio-2020-exec-9] [INFO ] [com.aviccii.cc.services.impl.IImageServiceImpl] : viewImage format == >2020_11_04
[2020/11/05-14:49:13] [http-nio-2020-exec-9] [INFO ] [com.aviccii.cc.services.impl.IImageServiceImpl] : get image target path  === >D:\\JAVAProject\\images\2020_11_04\jpg\\773591741616881664.jpg
[2020/11/05-14:49:13] [http-nio-2020-exec-7] [INFO ] [com.aviccii.cc.services.impl.IImageServiceImpl] : viewImage format == >2020_10_20
[2020/11/05-14:49:13] [http-nio-2020-exec-7] [INFO ] [com.aviccii.cc.services.impl.IImageServiceImpl] : get image target path  === >D:\\JAVAProject\\images\2020_10_20\png\\768039862963011584.png
[2020/11/05-14:49:13] [http-nio-2020-exec-8] [INFO ] [com.aviccii.cc.services.impl.IImageServiceImpl] : viewImage format == >2020_11_04
[2020/11/05-14:49:13] [http-nio-2020-exec-8] [INFO ] [com.aviccii.cc.services.impl.IImageServiceImpl] : get image target path  === >D:\\JAVAProject\\images\2020_11_04\jpg\\773591741616881664.jpg
[2020/11/05-14:49:13] [http-nio-2020-exec-6] [INFO ] [com.aviccii.cc.services.impl.IImageServiceImpl] : viewImage format == >2020_10_20
[2020/11/05-14:49:13] [http-nio-2020-exec-6] [INFO ] [com.aviccii.cc.services.impl.IImageServiceImpl] : get image target path  === >D:\\JAVAProject\\images\2020_10_20\png\\768039862963011584.png
[2020/11/05-14:49:13] [http-nio-2020-exec-1] [INFO ] [com.aviccii.cc.services.impl.IImageServiceImpl] : viewImage format == >2020_11_04
[2020/11/05-14:49:13] [http-nio-2020-exec-1] [INFO ] [com.aviccii.cc.services.impl.IImageServiceImpl] : get image target path  === >D:\\JAVAProject\\images\2020_11_04\jpg\\773591741616881664.jpg
[2020/11/05-14:49:13] [http-nio-2020-exec-4] [INFO ] [com.aviccii.cc.services.impl.IImageServiceImpl] : viewImage format == >2020_10_20
[2020/11/05-14:49:13] [http-nio-2020-exec-4] [INFO ] [com.aviccii.cc.services.impl.IImageServiceImpl] : get image target path  === >D:\\JAVAProject\\images\2020_10_20\png\\768039862963011584.png
[2020/11/05-14:49:13] [http-nio-2020-exec-3] [INFO ] [com.aviccii.cc.services.impl.IImageServiceImpl] : viewImage format == >2020_11_04
[2020/11/05-14:49:13] [http-nio-2020-exec-3] [INFO ] [com.aviccii.cc.services.impl.IImageServiceImpl] : get image target path  === >D:\\JAVAProject\\images\2020_11_04\jpg\\773591741616881664.jpg
[2020/11/05-14:49:13] [http-nio-2020-exec-3] [INFO ] [com.aviccii.cc.services.impl.IImageServiceImpl] : viewImage format == >2020_10_20
[2020/11/05-14:49:13] [http-nio-2020-exec-3] [INFO ] [com.aviccii.cc.services.impl.IImageServiceImpl] : get image target path  === >D:\\JAVAProject\\images\2020_10_20\png\\768039862963011584.png
[2020/11/05-14:49:13] [http-nio-2020-exec-5] [INFO ] [com.aviccii.cc.services.impl.IImageServiceImpl] : viewImage format == >2020_11_04
[2020/11/05-14:49:13] [http-nio-2020-exec-5] [INFO ] [com.aviccii.cc.services.impl.IImageServiceImpl] : get image target path  === >D:\\JAVAProject\\images\2020_11_04\jpg\\773591741616881664.jpg
[2020/11/05-14:49:13] [http-nio-2020-exec-9] [INFO ] [com.aviccii.cc.services.impl.IImageServiceImpl] : viewImage format == >2020_10_20
[2020/11/05-14:49:13] [http-nio-2020-exec-9] [INFO ] [com.aviccii.cc.services.impl.IImageServiceImpl] : get image target path  === >D:\\JAVAProject\\images\2020_10_20\png\\768039862963011584.png
[2020/11/05-14:49:13] [http-nio-2020-exec-7] [INFO ] [com.aviccii.cc.services.impl.IImageServiceImpl] : viewImage format == >2020_11_04
[2020/11/05-14:49:13] [http-nio-2020-exec-7] [INFO ] [com.aviccii.cc.services.impl.IImageServiceImpl] : get image target path  === >D:\\JAVAProject\\images\2020_11_04\jpg\\773591741616881664.jpg
[2020/11/05-14:49:13] [http-nio-2020-exec-7] [INFO ] [com.aviccii.cc.services.impl.IImageServiceImpl] : viewImage format == >2020_10_20
[2020/11/05-14:49:13] [http-nio-2020-exec-7] [INFO ] [com.aviccii.cc.services.impl.IImageServiceImpl] : get image target path  === >D:\\JAVAProject\\images\2020_10_20\png\\768039862963011584.png
[2020/11/05-14:50:02] [http-nio-2020-exec-6] [INFO ] [com.aviccii.cc.services.impl.IImageServiceImpl] : viewImage format == >2020_11_04
[2020/11/05-14:50:02] [http-nio-2020-exec-6] [INFO ] [com.aviccii.cc.services.impl.IImageServiceImpl] : get image target path  === >D:\\JAVAProject\\images\2020_11_04\jpg\\773591741616881664.jpg
[2020/11/05-14:50:02] [http-nio-2020-exec-10] [INFO ] [com.aviccii.cc.services.impl.IImageServiceImpl] : viewImage format == >2020_10_20
[2020/11/05-14:50:02] [http-nio-2020-exec-10] [INFO ] [com.aviccii.cc.services.impl.IImageServiceImpl] : get image target path  === >D:\\JAVAProject\\images\2020_10_20\png\\768039862963011584.png
[2020/11/05-14:50:02] [http-nio-2020-exec-1] [INFO ] [com.aviccii.cc.services.impl.IImageServiceImpl] : viewImage format == >2020_11_04
[2020/11/05-14:50:02] [http-nio-2020-exec-1] [INFO ] [com.aviccii.cc.services.impl.IImageServiceImpl] : get image target path  === >D:\\JAVAProject\\images\2020_11_04\jpg\\773591741616881664.jpg
[2020/11/05-14:50:02] [http-nio-2020-exec-1] [INFO ] [com.aviccii.cc.services.impl.IImageServiceImpl] : viewImage format == >2020_10_20
[2020/11/05-14:50:02] [http-nio-2020-exec-1] [INFO ] [com.aviccii.cc.services.impl.IImageServiceImpl] : get image target path  === >D:\\JAVAProject\\images\2020_10_20\png\\768039862963011584.png
[2020/11/05-14:50:02] [http-nio-2020-exec-3] [INFO ] [com.aviccii.cc.services.impl.IImageServiceImpl] : viewImage format == >2020_11_04
[2020/11/05-14:50:02] [http-nio-2020-exec-3] [INFO ] [com.aviccii.cc.services.impl.IImageServiceImpl] : get image target path  === >D:\\JAVAProject\\images\2020_11_04\jpg\\773591741616881664.jpg
[2020/11/05-14:50:02] [http-nio-2020-exec-2] [INFO ] [com.aviccii.cc.services.impl.IImageServiceImpl] : viewImage format == >2020_10_20
[2020/11/05-14:50:02] [http-nio-2020-exec-2] [INFO ] [com.aviccii.cc.services.impl.IImageServiceImpl] : get image target path  === >D:\\JAVAProject\\images\2020_10_20\png\\768039862963011584.png
[2020/11/05-14:50:02] [http-nio-2020-exec-5] [INFO ] [com.aviccii.cc.services.impl.IImageServiceImpl] : viewImage format == >2020_11_04
[2020/11/05-14:50:02] [http-nio-2020-exec-5] [INFO ] [com.aviccii.cc.services.impl.IImageServiceImpl] : get image target path  === >D:\\JAVAProject\\images\2020_11_04\jpg\\773591741616881664.jpg
[2020/11/05-14:50:02] [http-nio-2020-exec-5] [INFO ] [com.aviccii.cc.services.impl.IImageServiceImpl] : viewImage format == >2020_10_20
[2020/11/05-14:50:02] [http-nio-2020-exec-5] [INFO ] [com.aviccii.cc.services.impl.IImageServiceImpl] : get image target path  === >D:\\JAVAProject\\images\2020_10_20\png\\768039862963011584.png
[2020/11/05-14:50:02] [http-nio-2020-exec-7] [INFO ] [com.aviccii.cc.services.impl.IImageServiceImpl] : viewImage format == >2020_11_04
[2020/11/05-14:50:02] [http-nio-2020-exec-7] [INFO ] [com.aviccii.cc.services.impl.IImageServiceImpl] : get image target path  === >D:\\JAVAProject\\images\2020_11_04\jpg\\773591741616881664.jpg
[2020/11/05-14:50:02] [http-nio-2020-exec-8] [INFO ] [com.aviccii.cc.services.impl.IImageServiceImpl] : viewImage format == >2020_10_20
[2020/11/05-14:50:02] [http-nio-2020-exec-8] [INFO ] [com.aviccii.cc.services.impl.IImageServiceImpl] : get image target path  === >D:\\JAVAProject\\images\2020_10_20\png\\768039862963011584.png
[2020/11/05-14:50:02] [http-nio-2020-exec-6] [INFO ] [com.aviccii.cc.services.impl.IImageServiceImpl] : viewImage format == >2020_11_04
[2020/11/05-14:50:02] [http-nio-2020-exec-6] [INFO ] [com.aviccii.cc.services.impl.IImageServiceImpl] : get image target path  === >D:\\JAVAProject\\images\2020_11_04\jpg\\773591741616881664.jpg
[2020/11/05-14:50:02] [http-nio-2020-exec-6] [INFO ] [com.aviccii.cc.services.impl.IImageServiceImpl] : viewImage format == >2020_10_20
[2020/11/05-14:50:02] [http-nio-2020-exec-6] [INFO ] [com.aviccii.cc.services.impl.IImageServiceImpl] : get image target path  === >D:\\JAVAProject\\images\2020_10_20\png\\768039862963011584.png
[2020/11/05-14:50:08] [http-nio-2020-exec-1] [INFO ] [com.aviccii.cc.services.impl.IImageServiceImpl] : viewImage format == >2020_11_04
[2020/11/05-14:50:08] [http-nio-2020-exec-1] [INFO ] [com.aviccii.cc.services.impl.IImageServiceImpl] : get image target path  === >D:\\JAVAProject\\images\2020_11_04\jpg\\773591741616881664.jpg
[2020/11/05-14:50:08] [http-nio-2020-exec-4] [INFO ] [com.aviccii.cc.services.impl.IImageServiceImpl] : viewImage format == >2020_10_20
[2020/11/05-14:50:08] [http-nio-2020-exec-4] [INFO ] [com.aviccii.cc.services.impl.IImageServiceImpl] : get image target path  === >D:\\JAVAProject\\images\2020_10_20\png\\768039862963011584.png
[2020/11/05-14:50:08] [http-nio-2020-exec-3] [INFO ] [com.aviccii.cc.services.impl.IImageServiceImpl] : viewImage format == >2020_11_04
[2020/11/05-14:50:08] [http-nio-2020-exec-3] [INFO ] [com.aviccii.cc.services.impl.IImageServiceImpl] : get image target path  === >D:\\JAVAProject\\images\2020_11_04\jpg\\773591741616881664.jpg
[2020/11/05-14:50:08] [http-nio-2020-exec-3] [INFO ] [com.aviccii.cc.services.impl.IImageServiceImpl] : viewImage format == >2020_10_20
[2020/11/05-14:50:08] [http-nio-2020-exec-3] [INFO ] [com.aviccii.cc.services.impl.IImageServiceImpl] : get image target path  === >D:\\JAVAProject\\images\2020_10_20\png\\768039862963011584.png
[2020/11/05-14:53:47] [http-nio-2020-exec-8] [INFO ] [com.aviccii.cc.services.impl.IImageServiceImpl] : viewImage format == >2020_11_04
[2020/11/05-14:53:47] [http-nio-2020-exec-8] [INFO ] [com.aviccii.cc.services.impl.IImageServiceImpl] : get image target path  === >D:\\JAVAProject\\images\2020_11_04\jpg\\773591741616881664.jpg
[2020/11/05-14:53:47] [http-nio-2020-exec-6] [INFO ] [com.aviccii.cc.services.impl.IImageServiceImpl] : viewImage format == >2020_10_20
[2020/11/05-14:53:47] [http-nio-2020-exec-6] [INFO ] [com.aviccii.cc.services.impl.IImageServiceImpl] : get image target path  === >D:\\JAVAProject\\images\2020_10_20\png\\768039862963011584.png
[2020/11/05-14:53:47] [http-nio-2020-exec-10] [INFO ] [com.aviccii.cc.services.impl.IImageServiceImpl] : viewImage format == >2020_11_04
[2020/11/05-14:53:47] [http-nio-2020-exec-10] [INFO ] [com.aviccii.cc.services.impl.IImageServiceImpl] : get image target path  === >D:\\JAVAProject\\images\2020_11_04\jpg\\773591741616881664.jpg
[2020/11/05-14:53:47] [http-nio-2020-exec-1] [INFO ] [com.aviccii.cc.services.impl.IImageServiceImpl] : viewImage format == >2020_10_20
[2020/11/05-14:53:47] [http-nio-2020-exec-1] [INFO ] [com.aviccii.cc.services.impl.IImageServiceImpl] : get image target path  === >D:\\JAVAProject\\images\2020_10_20\png\\768039862963011584.png
[2020/11/05-14:53:51] [http-nio-2020-exec-3] [INFO ] [com.aviccii.cc.services.impl.IImageServiceImpl] : viewImage format == >2020_11_04
[2020/11/05-14:53:51] [http-nio-2020-exec-3] [INFO ] [com.aviccii.cc.services.impl.IImageServiceImpl] : get image target path  === >D:\\JAVAProject\\images\2020_11_04\jpg\\773591741616881664.jpg
[2020/11/05-14:53:51] [http-nio-2020-exec-2] [INFO ] [com.aviccii.cc.services.impl.IImageServiceImpl] : viewImage format == >2020_10_20
[2020/11/05-14:53:51] [http-nio-2020-exec-2] [INFO ] [com.aviccii.cc.services.impl.IImageServiceImpl] : get image target path  === >D:\\JAVAProject\\images\2020_10_20\png\\768039862963011584.png
[2020/11/05-14:53:51] [http-nio-2020-exec-5] [INFO ] [com.aviccii.cc.services.impl.IImageServiceImpl] : viewImage format == >2020_11_04
[2020/11/05-14:53:51] [http-nio-2020-exec-5] [INFO ] [com.aviccii.cc.services.impl.IImageServiceImpl] : get image target path  === >D:\\JAVAProject\\images\2020_11_04\jpg\\773591741616881664.jpg
[2020/11/05-14:53:51] [http-nio-2020-exec-9] [INFO ] [com.aviccii.cc.services.impl.IImageServiceImpl] : viewImage format == >2020_10_20
[2020/11/05-14:53:51] [http-nio-2020-exec-9] [INFO ] [com.aviccii.cc.services.impl.IImageServiceImpl] : get image target path  === >D:\\JAVAProject\\images\2020_10_20\png\\768039862963011584.png
[2020/11/05-14:54:23] [http-nio-2020-exec-7] [INFO ] [com.aviccii.cc.services.impl.IImageServiceImpl] : viewImage format == >2020_11_04
[2020/11/05-14:54:23] [http-nio-2020-exec-7] [INFO ] [com.aviccii.cc.services.impl.IImageServiceImpl] : get image target path  === >D:\\JAVAProject\\images\2020_11_04\jpg\\773591741616881664.jpg
[2020/11/05-14:54:33] [http-nio-2020-exec-8] [INFO ] [com.aviccii.cc.services.impl.IImageServiceImpl] : viewImage format == >2020_10_20
[2020/11/05-14:54:33] [http-nio-2020-exec-8] [INFO ] [com.aviccii.cc.services.impl.IImageServiceImpl] : get image target path  === >D:\\JAVAProject\\images\2020_10_20\png\\768039862963011584.png
[2020/11/05-14:54:40] [http-nio-2020-exec-3] [INFO ] [com.aviccii.cc.services.impl.IImageServiceImpl] : viewImage format == >2020_11_04
[2020/11/05-14:54:40] [http-nio-2020-exec-3] [INFO ] [com.aviccii.cc.services.impl.IImageServiceImpl] : get image target path  === >D:\\JAVAProject\\images\2020_11_04\jpg\\773591741616881664.jpg
[2020/11/05-14:54:40] [http-nio-2020-exec-2] [INFO ] [com.aviccii.cc.services.impl.IImageServiceImpl] : viewImage format == >2020_10_20
[2020/11/05-14:54:40] [http-nio-2020-exec-2] [INFO ] [com.aviccii.cc.services.impl.IImageServiceImpl] : get image target path  === >D:\\JAVAProject\\images\2020_10_20\png\\768039862963011584.png
[2020/11/05-14:54:40] [http-nio-2020-exec-5] [INFO ] [com.aviccii.cc.services.impl.IImageServiceImpl] : viewImage format == >2020_11_04
[2020/11/05-14:54:40] [http-nio-2020-exec-5] [INFO ] [com.aviccii.cc.services.impl.IImageServiceImpl] : get image target path  === >D:\\JAVAProject\\images\2020_11_04\jpg\\773591741616881664.jpg
[2020/11/05-14:54:40] [http-nio-2020-exec-9] [INFO ] [com.aviccii.cc.services.impl.IImageServiceImpl] : viewImage format == >2020_10_20
[2020/11/05-14:54:40] [http-nio-2020-exec-9] [INFO ] [com.aviccii.cc.services.impl.IImageServiceImpl] : get image target path  === >D:\\JAVAProject\\images\2020_10_20\png\\768039862963011584.png
[2020/11/05-14:55:46] [http-nio-2020-exec-6] [INFO ] [com.aviccii.cc.services.impl.IImageServiceImpl] : viewImage format == >2020_10_20
[2020/11/05-14:55:46] [http-nio-2020-exec-6] [INFO ] [com.aviccii.cc.services.impl.IImageServiceImpl] : get image target path  === >D:\\JAVAProject\\images\2020_10_20\png\\768039862963011584.png
[2020/11/05-14:56:52] [http-nio-2020-exec-2] [INFO ] [com.aviccii.cc.services.impl.IImageServiceImpl] : viewImage format == >2020_11_04
[2020/11/05-14:56:52] [http-nio-2020-exec-2] [INFO ] [com.aviccii.cc.services.impl.IImageServiceImpl] : get image target path  === >D:\\JAVAProject\\images\2020_11_04\jpg\\773591741616881664.jpg
[2020/11/05-14:56:52] [http-nio-2020-exec-9] [INFO ] [com.aviccii.cc.services.impl.IImageServiceImpl] : viewImage format == >2020_11_04
[2020/11/05-14:56:52] [http-nio-2020-exec-9] [INFO ] [com.aviccii.cc.services.impl.IImageServiceImpl] : get image target path  === >D:\\JAVAProject\\images\2020_11_04\jpg\\773591741616881664.jpg
[2020/11/05-14:56:52] [http-nio-2020-exec-5] [INFO ] [com.aviccii.cc.services.impl.IImageServiceImpl] : viewImage format == >2020_10_20
[2020/11/05-14:56:52] [http-nio-2020-exec-5] [INFO ] [com.aviccii.cc.services.impl.IImageServiceImpl] : get image target path  === >D:\\JAVAProject\\images\2020_10_20\png\\768039862963011584.png
[2020/11/05-14:56:52] [http-nio-2020-exec-8] [INFO ] [com.aviccii.cc.services.impl.IImageServiceImpl] : viewImage format == >2020_10_20
[2020/11/05-14:56:52] [http-nio-2020-exec-8] [INFO ] [com.aviccii.cc.services.impl.IImageServiceImpl] : get image target path  === >D:\\JAVAProject\\images\2020_10_20\png\\768039862963011584.png
[2020/11/05-14:56:54] [http-nio-2020-exec-7] [INFO ] [com.aviccii.cc.services.impl.IImageServiceImpl] : viewImage format == >2020_10_20
[2020/11/05-14:56:54] [http-nio-2020-exec-7] [INFO ] [com.aviccii.cc.services.impl.IImageServiceImpl] : get image target path  === >D:\\JAVAProject\\images\2020_10_20\png\\768039862963011584.png
[2020/11/05-14:58:05] [http-nio-2020-exec-2] [INFO ] [com.aviccii.cc.services.impl.IImageServiceImpl] : viewImage format == >2020_11_04
[2020/11/05-14:58:05] [http-nio-2020-exec-2] [INFO ] [com.aviccii.cc.services.impl.IImageServiceImpl] : get image target path  === >D:\\JAVAProject\\images\2020_11_04\jpg\\773591741616881664.jpg
[2020/11/05-14:58:05] [http-nio-2020-exec-9] [INFO ] [com.aviccii.cc.services.impl.IImageServiceImpl] : viewImage format == >2020_10_20
[2020/11/05-14:58:05] [http-nio-2020-exec-9] [INFO ] [com.aviccii.cc.services.impl.IImageServiceImpl] : get image target path  === >D:\\JAVAProject\\images\2020_10_20\png\\768039862963011584.png
[2020/11/05-14:58:05] [http-nio-2020-exec-5] [INFO ] [com.aviccii.cc.services.impl.IImageServiceImpl] : viewImage format == >2020_11_04
[2020/11/05-14:58:05] [http-nio-2020-exec-5] [INFO ] [com.aviccii.cc.services.impl.IImageServiceImpl] : get image target path  === >D:\\JAVAProject\\images\2020_11_04\jpg\\773591741616881664.jpg
[2020/11/05-14:58:05] [http-nio-2020-exec-5] [INFO ] [com.aviccii.cc.services.impl.IImageServiceImpl] : viewImage format == >2020_10_20
[2020/11/05-14:58:05] [http-nio-2020-exec-5] [INFO ] [com.aviccii.cc.services.impl.IImageServiceImpl] : get image target path  === >D:\\JAVAProject\\images\2020_10_20\png\\768039862963011584.png
[2020/11/05-14:58:37] [http-nio-2020-exec-7] [INFO ] [com.aviccii.cc.services.impl.IImageServiceImpl] : viewImage format == >2020_11_04
[2020/11/05-14:58:37] [http-nio-2020-exec-7] [INFO ] [com.aviccii.cc.services.impl.IImageServiceImpl] : get image target path  === >D:\\JAVAProject\\images\2020_11_04\jpg\\773591741616881664.jpg
[2020/11/05-14:58:37] [http-nio-2020-exec-6] [INFO ] [com.aviccii.cc.services.impl.IImageServiceImpl] : viewImage format == >2020_10_20
[2020/11/05-14:58:37] [http-nio-2020-exec-6] [INFO ] [com.aviccii.cc.services.impl.IImageServiceImpl] : get image target path  === >D:\\JAVAProject\\images\2020_10_20\png\\768039862963011584.png
[2020/11/05-14:58:37] [http-nio-2020-exec-10] [INFO ] [com.aviccii.cc.services.impl.IImageServiceImpl] : viewImage format == >2020_11_04
[2020/11/05-14:58:37] [http-nio-2020-exec-10] [INFO ] [com.aviccii.cc.services.impl.IImageServiceImpl] : get image target path  === >D:\\JAVAProject\\images\2020_11_04\jpg\\773591741616881664.jpg
[2020/11/05-14:58:37] [http-nio-2020-exec-10] [INFO ] [com.aviccii.cc.services.impl.IImageServiceImpl] : viewImage format == >2020_10_20
[2020/11/05-14:58:37] [http-nio-2020-exec-10] [INFO ] [com.aviccii.cc.services.impl.IImageServiceImpl] : get image target path  === >D:\\JAVAProject\\images\2020_10_20\png\\768039862963011584.png
[2020/11/05-14:58:43] [http-nio-2020-exec-4] [INFO ] [com.aviccii.cc.services.impl.IImageServiceImpl] : viewImage format == >2020_11_04
[2020/11/05-14:58:43] [http-nio-2020-exec-4] [INFO ] [com.aviccii.cc.services.impl.IImageServiceImpl] : get image target path  === >D:\\JAVAProject\\images\2020_11_04\jpg\\773591741616881664.jpg
[2020/11/05-14:58:43] [http-nio-2020-exec-3] [INFO ] [com.aviccii.cc.services.impl.IImageServiceImpl] : viewImage format == >2020_10_20
[2020/11/05-14:58:43] [http-nio-2020-exec-3] [INFO ] [com.aviccii.cc.services.impl.IImageServiceImpl] : get image target path  === >D:\\JAVAProject\\images\2020_10_20\png\\768039862963011584.png
[2020/11/05-14:58:43] [http-nio-2020-exec-2] [INFO ] [com.aviccii.cc.services.impl.IImageServiceImpl] : viewImage format == >2020_11_04
[2020/11/05-14:58:43] [http-nio-2020-exec-2] [INFO ] [com.aviccii.cc.services.impl.IImageServiceImpl] : get image target path  === >D:\\JAVAProject\\images\2020_11_04\jpg\\773591741616881664.jpg
[2020/11/05-14:58:43] [http-nio-2020-exec-2] [INFO ] [com.aviccii.cc.services.impl.IImageServiceImpl] : viewImage format == >2020_10_20
[2020/11/05-14:58:43] [http-nio-2020-exec-2] [INFO ] [com.aviccii.cc.services.impl.IImageServiceImpl] : get image target path  === >D:\\JAVAProject\\images\2020_10_20\png\\768039862963011584.png
[2020/11/05-14:58:54] [http-nio-2020-exec-5] [INFO ] [com.aviccii.cc.services.impl.IImageServiceImpl] : viewImage format == >2020_11_04
[2020/11/05-14:58:54] [http-nio-2020-exec-5] [INFO ] [com.aviccii.cc.services.impl.IImageServiceImpl] : get image target path  === >D:\\JAVAProject\\images\2020_11_04\jpg\\773591741616881664.jpg
[2020/11/05-14:58:54] [http-nio-2020-exec-8] [INFO ] [com.aviccii.cc.services.impl.IImageServiceImpl] : viewImage format == >2020_10_20
[2020/11/05-14:58:54] [http-nio-2020-exec-8] [INFO ] [com.aviccii.cc.services.impl.IImageServiceImpl] : get image target path  === >D:\\JAVAProject\\images\2020_10_20\png\\768039862963011584.png
[2020/11/05-14:58:54] [http-nio-2020-exec-7] [INFO ] [com.aviccii.cc.services.impl.IImageServiceImpl] : viewImage format == >2020_11_04
[2020/11/05-14:58:54] [http-nio-2020-exec-7] [INFO ] [com.aviccii.cc.services.impl.IImageServiceImpl] : get image target path  === >D:\\JAVAProject\\images\2020_11_04\jpg\\773591741616881664.jpg
[2020/11/05-14:58:54] [http-nio-2020-exec-6] [INFO ] [com.aviccii.cc.services.impl.IImageServiceImpl] : viewImage format == >2020_10_20
[2020/11/05-14:58:54] [http-nio-2020-exec-6] [INFO ] [com.aviccii.cc.services.impl.IImageServiceImpl] : get image target path  === >D:\\JAVAProject\\images\2020_10_20\png\\768039862963011584.png
[2020/11/05-16:25:46] [http-nio-2020-exec-5] [INFO ] [com.aviccii.cc.services.impl.UserServiceImpl] : checkuser2 ---> avicci
[2020/11/05-16:25:53] [http-nio-2020-exec-7] [INFO ] [com.aviccii.cc.services.impl.UserServiceImpl] : captcha font type index == >4
[2020/11/05-16:25:53] [http-nio-2020-exec-7] [INFO ] [com.aviccii.cc.services.impl.UserServiceImpl] : captcha content == >25
[2020/11/05-16:25:55] [http-nio-2020-exec-6] [INFO ] [com.aviccii.cc.services.impl.UserServiceImpl] : password ==>123456
[2020/11/05-16:25:55] [http-nio-2020-exec-6] [INFO ] [com.aviccii.cc.services.impl.UserServiceImpl] : passwordEncoding ==>$2a$10$BIQeIgZhagXjEMi9EWET0OqCPltWTMnQyoFIyXWj/B/jDFAFYf/5.
[2020/11/05-16:57:11] [restartedMain] [INFO ] [com.aviccii.cc.CcApplication] : Starting CcApplication on DESKTOP-11K43QD with PID 5716 (D:\JAVAProject\blogSystem\target\classes started by Administrator in D:\JAVAProject\blogSystem)
[2020/11/05-16:57:11] [restartedMain] [INFO ] [com.aviccii.cc.CcApplication] : The following profiles are active: dev
[2020/11/05-16:57:16] [restartedMain] [INFO ] [com.aviccii.cc.CcApplication] : Started CcApplication in 5.936 seconds (JVM running for 6.836)
[2020/11/05-16:59:23] [restartedMain] [INFO ] [com.aviccii.cc.CcApplication] : Starting CcApplication on DESKTOP-11K43QD with PID 3876 (D:\JAVAProject\blogSystem\target\classes started by Administrator in D:\JAVAProject\blogSystem)
[2020/11/05-16:59:23] [restartedMain] [INFO ] [com.aviccii.cc.CcApplication] : The following profiles are active: dev
[2020/11/05-16:59:29] [restartedMain] [INFO ] [com.aviccii.cc.CcApplication] : Started CcApplication in 5.899 seconds (JVM running for 6.777)
