[2020/11/06-13:43:25] [restartedMain] [INFO ] [com.aviccii.cc.CcApplication] : Starting CcApplication on DESKTOP-11K43QD with PID 14860 (D:\JAVAProject\blogSystem\target\classes started by Administrator in D:\JAVAProject\blogSystem)
[2020/11/06-13:43:25] [restartedMain] [INFO ] [com.aviccii.cc.CcApplication] : The following profiles are active: dev
[2020/11/06-13:43:33] [restartedMain] [INFO ] [com.aviccii.cc.CcApplication] : Started CcApplication in 8.788 seconds (JVM running for 10.588)
[2020/11/06-16:51:19] [http-nio-2020-exec-3] [INFO ] [com.aviccii.cc.services.impl.UserServiceImpl] : checkuser2 ---> avicci
[2020/11/06-17:02:29] [http-nio-2020-exec-4] [INFO ] [com.aviccii.cc.services.impl.UserServiceImpl] : captcha font type index == >4
[2020/11/06-17:02:29] [http-nio-2020-exec-4] [INFO ] [com.aviccii.cc.services.impl.UserServiceImpl] : captcha content == >7
[2020/11/06-17:02:31] [http-nio-2020-exec-7] [INFO ] [com.aviccii.cc.services.impl.UserServiceImpl] : password ==>123456
[2020/11/06-17:02:31] [http-nio-2020-exec-7] [INFO ] [com.aviccii.cc.services.impl.UserServiceImpl] : passwordEncoding ==>$2a$10$BIQeIgZhagXjEMi9EWET0OqCPltWTMnQyoFIyXWj/B/jDFAFYf/5.
[2020/11/06-17:02:35] [http-nio-2020-exec-1] [INFO ] [com.aviccii.cc.services.impl.IImageServiceImpl] : viewImage format == >2020_11_04
[2020/11/06-17:02:35] [http-nio-2020-exec-1] [INFO ] [com.aviccii.cc.services.impl.IImageServiceImpl] : get image target path  === >D:\\JAVAProject\\images\2020_11_04\jpg\\773591741616881664.jpg
[2020/11/06-17:02:35] [http-nio-2020-exec-8] [INFO ] [com.aviccii.cc.services.impl.IImageServiceImpl] : viewImage format == >2020_10_20
[2020/11/06-17:02:35] [http-nio-2020-exec-8] [INFO ] [com.aviccii.cc.services.impl.IImageServiceImpl] : get image target path  === >D:\\JAVAProject\\images\2020_10_20\png\\768039862963011584.png
[2020/11/06-17:02:35] [http-nio-2020-exec-9] [INFO ] [com.aviccii.cc.services.impl.IImageServiceImpl] : viewImage format == >2020_11_04
[2020/11/06-17:02:35] [http-nio-2020-exec-9] [INFO ] [com.aviccii.cc.services.impl.IImageServiceImpl] : get image target path  === >D:\\JAVAProject\\images\2020_11_04\jpg\\773591741616881664.jpg
[2020/11/06-17:02:35] [http-nio-2020-exec-4] [INFO ] [com.aviccii.cc.services.impl.IImageServiceImpl] : viewImage format == >2020_10_20
[2020/11/06-17:02:35] [http-nio-2020-exec-4] [INFO ] [com.aviccii.cc.services.impl.IImageServiceImpl] : get image target path  === >D:\\JAVAProject\\images\2020_10_20\png\\768039862963011584.png
[2020/11/06-17:26:00] [restartedMain] [INFO ] [com.aviccii.cc.CcApplication] : Starting CcApplication on DESKTOP-11K43QD with PID 7888 (D:\JAVAProject\blogSystem\target\classes started by Administrator in D:\JAVAProject\blogSystem)
[2020/11/06-17:26:00] [restartedMain] [INFO ] [com.aviccii.cc.CcApplication] : The following profiles are active: dev
[2020/11/06-17:26:06] [restartedMain] [INFO ] [com.aviccii.cc.CcApplication] : Started CcApplication in 6.408 seconds (JVM running for 7.362)
[2020/11/06-17:29:55] [restartedMain] [INFO ] [com.aviccii.cc.CcApplication] : Starting CcApplication on DESKTOP-11K43QD with PID 7364 (D:\JAVAProject\blogSystem\target\classes started by Administrator in D:\JAVAProject\blogSystem)
[2020/11/06-17:29:55] [restartedMain] [INFO ] [com.aviccii.cc.CcApplication] : The following profiles are active: dev
[2020/11/06-17:30:01] [restartedMain] [INFO ] [com.aviccii.cc.CcApplication] : Started CcApplication in 6.13 seconds (JVM running for 7.172)
