[2020/09/21-11:03:42] [restartedMain] [INFO ] [com.aviccii.cc.CcApplication] : Starting CcApplication on DESKTOP-11K43QD with PID 6880 (D:\JAVAProject\blogSystem\target\classes started by Administrator in D:\JAVAProject\blogSystem)
[2020/09/21-11:03:42] [restartedMain] [INFO ] [com.aviccii.cc.CcApplication] : No active profile set, falling back to default profiles: default
[2020/09/21-11:03:45] [restartedMain] [INFO ] [com.aviccii.cc.CcApplication] : Started CcApplication in 3.553 seconds (JVM running for 4.774)
[2020/09/21-11:19:18] [restartedMain] [INFO ] [com.aviccii.cc.CcApplication] : Starting CcApplication on DESKTOP-11K43QD with PID 12092 (D:\JAVAProject\blogSystem\target\classes started by Administrator in D:\JAVAProject\blogSystem)
[2020/09/21-11:19:18] [restartedMain] [INFO ] [com.aviccii.cc.CcApplication] : No active profile set, falling back to default profiles: default
[2020/09/21-17:10:22] [restartedMain] [INFO ] [com.aviccii.cc.CcApplication] : Starting CcApplication on DESKTOP-11K43QD with PID 15608 (D:\JAVAProject\blogSystem\target\classes started by Administrator in D:\JAVAProject\blogSystem)
[2020/09/21-17:10:22] [restartedMain] [INFO ] [com.aviccii.cc.CcApplication] : No active profile set, falling back to default profiles: default
[2020/09/21-17:12:39] [restartedMain] [INFO ] [com.aviccii.cc.CcApplication] : Starting CcApplication on DESKTOP-11K43QD with PID 9656 (D:\JAVAProject\blogSystem\target\classes started by Administrator in D:\JAVAProject\blogSystem)
[2020/09/21-17:12:39] [restartedMain] [INFO ] [com.aviccii.cc.CcApplication] : No active profile set, falling back to default profiles: default
[2020/09/21-17:12:43] [restartedMain] [INFO ] [com.aviccii.cc.CcApplication] : Started CcApplication in 4.493 seconds (JVM running for 5.574)
[2020/09/21-17:15:28] [http-nio-2020-exec-7] [INFO ] [com.aviccii.cc.controller.user.UserApi] : user name ==========>admin
[2020/09/21-17:15:28] [http-nio-2020-exec-7] [INFO ] [com.aviccii.cc.controller.user.UserApi] : user password ==========>123456
[2020/09/21-17:15:28] [http-nio-2020-exec-7] [INFO ] [com.aviccii.cc.controller.user.UserApi] : user email ==========>admin@123.com
[2020/09/21-17:17:48] [restartedMain] [INFO ] [com.aviccii.cc.CcApplication] : Starting CcApplication on DESKTOP-11K43QD with PID 16916 (D:\JAVAProject\blogSystem\target\classes started by Administrator in D:\JAVAProject\blogSystem)
[2020/09/21-17:17:48] [restartedMain] [INFO ] [com.aviccii.cc.CcApplication] : No active profile set, falling back to default profiles: default
[2020/09/21-17:17:52] [restartedMain] [INFO ] [com.aviccii.cc.CcApplication] : Started CcApplication in 4.86 seconds (JVM running for 6.126)
[2020/09/21-17:18:00] [restartedMain] [INFO ] [com.aviccii.cc.CcApplication] : Starting CcApplication on DESKTOP-11K43QD with PID 5992 (D:\JAVAProject\blogSystem\target\classes started by Administrator in D:\JAVAProject\blogSystem)
[2020/09/21-17:18:00] [restartedMain] [INFO ] [com.aviccii.cc.CcApplication] : No active profile set, falling back to default profiles: default
[2020/09/21-17:18:03] [restartedMain] [INFO ] [com.aviccii.cc.CcApplication] : Started CcApplication in 4.059 seconds (JVM running for 5.121)
[2020/09/21-17:20:58] [http-nio-2020-exec-1] [INFO ] [com.aviccii.cc.controller.user.UserApi] : user name ==========>admin
[2020/09/21-17:20:58] [http-nio-2020-exec-1] [INFO ] [com.aviccii.cc.controller.user.UserApi] : user password ==========>123456
[2020/09/21-17:20:58] [http-nio-2020-exec-1] [INFO ] [com.aviccii.cc.controller.user.UserApi] : user email ==========>admin@123.com
[2020/09/21-17:30:02] [restartedMain] [INFO ] [com.aviccii.cc.CcApplication] : Starting CcApplication on DESKTOP-11K43QD with PID 8304 (D:\JAVAProject\blogSystem\target\classes started by Administrator in D:\JAVAProject\blogSystem)
[2020/09/21-17:30:02] [restartedMain] [INFO ] [com.aviccii.cc.CcApplication] : No active profile set, falling back to default profiles: default
[2020/09/21-17:30:07] [restartedMain] [INFO ] [com.aviccii.cc.CcApplication] : Started CcApplication in 5.301 seconds (JVM running for 6.28)
[2020/09/21-17:30:38] [restartedMain] [INFO ] [com.aviccii.cc.CcApplication] : Starting CcApplication on DESKTOP-11K43QD with PID 5052 (D:\JAVAProject\blogSystem\target\classes started by Administrator in D:\JAVAProject\blogSystem)
[2020/09/21-17:30:38] [restartedMain] [INFO ] [com.aviccii.cc.CcApplication] : No active profile set, falling back to default profiles: default
[2020/09/21-17:30:42] [restartedMain] [INFO ] [com.aviccii.cc.CcApplication] : Started CcApplication in 4.208 seconds (JVM running for 5.386)
[2020/09/21-17:30:45] [http-nio-2020-exec-1] [INFO ] [com.aviccii.cc.controller.user.UserApi] : user name ==========>admin
[2020/09/21-17:30:45] [http-nio-2020-exec-1] [INFO ] [com.aviccii.cc.controller.user.UserApi] : user password ==========>123456
[2020/09/21-17:30:45] [http-nio-2020-exec-1] [INFO ] [com.aviccii.cc.controller.user.UserApi] : user email ==========>admin@123.com
[2020/09/21-17:31:39] [restartedMain] [INFO ] [com.aviccii.cc.CcApplication] : Starting CcApplication on DESKTOP-11K43QD with PID 6148 (D:\JAVAProject\blogSystem\target\classes started by Administrator in D:\JAVAProject\blogSystem)
[2020/09/21-17:31:39] [restartedMain] [INFO ] [com.aviccii.cc.CcApplication] : No active profile set, falling back to default profiles: default
[2020/09/21-17:31:44] [restartedMain] [INFO ] [com.aviccii.cc.CcApplication] : Started CcApplication in 5.321 seconds (JVM running for 6.675)
[2020/09/21-17:31:55] [http-nio-2020-exec-1] [INFO ] [com.aviccii.cc.controller.user.UserApi] : user name ==========>admin
[2020/09/21-17:31:55] [http-nio-2020-exec-1] [INFO ] [com.aviccii.cc.controller.user.UserApi] : user password ==========>123456
[2020/09/21-17:31:55] [http-nio-2020-exec-1] [INFO ] [com.aviccii.cc.controller.user.UserApi] : user email ==========>admin@123.com
[2020/09/21-17:32:21] [http-nio-2020-exec-2] [INFO ] [com.aviccii.cc.controller.user.UserApi] : user name ==========>admin
[2020/09/21-17:32:21] [http-nio-2020-exec-2] [INFO ] [com.aviccii.cc.controller.user.UserApi] : user password ==========>123456
[2020/09/21-17:32:21] [http-nio-2020-exec-2] [INFO ] [com.aviccii.cc.controller.user.UserApi] : user email ==========>admin@123.com
