[2020/10/20-09:14:11] [restartedMain] [INFO ] [com.aviccii.cc.CcApplication] : Starting CcApplication on DESKTOP-11K43QD with PID 14920 (D:\JAVAProject\blogSystem\target\classes started by Administrator in D:\JAVAProject\blogSystem)
[2020/10/20-09:14:11] [restartedMain] [INFO ] [com.aviccii.cc.CcApplication] : The following profiles are active: dev
[2020/10/20-09:14:19] [restartedMain] [INFO ] [com.aviccii.cc.CcApplication] : Started CcApplication in 8.904 seconds (JVM running for 10.579)
[2020/10/20-09:15:29] [http-nio-2020-exec-2] [INFO ] [com.aviccii.cc.services.impl.UserServiceImpl] : captcha font type index == >2
[2020/10/20-09:15:29] [http-nio-2020-exec-2] [INFO ] [com.aviccii.cc.services.impl.UserServiceImpl] : captcha content == >6
[2020/10/20-09:15:55] [http-nio-2020-exec-6] [INFO ] [com.aviccii.cc.services.impl.UserServiceImpl] : password ==>123456
[2020/10/20-09:15:55] [http-nio-2020-exec-6] [INFO ] [com.aviccii.cc.services.impl.UserServiceImpl] : passwordEncoding ==>$2a$10$BIQeIgZhagXjEMi9EWET0OqCPltWTMnQyoFIyXWj/B/jDFAFYf/5.
[2020/10/20-09:16:12] [http-nio-2020-exec-8] [INFO ] [com.aviccii.cc.services.impl.UserServiceImpl] : checkuser ---> avicci
[2020/10/20-09:16:12] [http-nio-2020-exec-8] [INFO ] [com.aviccii.cc.services.impl.IImageServiceImpl] : contentType == >image/png
[2020/10/20-09:16:12] [http-nio-2020-exec-8] [INFO ] [com.aviccii.cc.services.impl.IImageServiceImpl] : originalFilename == > icon.png
[2020/10/20-09:16:12] [http-nio-2020-exec-8] [INFO ] [com.aviccii.cc.services.impl.IImageServiceImpl] : maxSize === >2097152 size === > 673
[2020/10/20-09:16:12] [http-nio-2020-exec-8] [INFO ] [com.aviccii.cc.services.impl.IImageServiceImpl] : current day == >2020_10_20
[2020/10/20-09:16:12] [http-nio-2020-exec-8] [INFO ] [com.aviccii.cc.services.impl.IImageServiceImpl] : targetFile == >D:\JAVAProject\images\2020_10_20\png\768039862963011584.png
[2020/10/20-09:16:12] [http-nio-2020-exec-8] [INFO ] [com.aviccii.cc.services.impl.UserServiceImpl] : checkuser ---> avicci
[2020/10/20-09:27:58] [restartedMain] [INFO ] [com.aviccii.cc.CcApplication] : Starting CcApplication on DESKTOP-11K43QD with PID 12280 (D:\JAVAProject\blogSystem\target\classes started by Administrator in D:\JAVAProject\blogSystem)
[2020/10/20-09:27:58] [restartedMain] [INFO ] [com.aviccii.cc.CcApplication] : The following profiles are active: dev
[2020/10/20-09:28:04] [restartedMain] [INFO ] [com.aviccii.cc.CcApplication] : Started CcApplication in 6.981 seconds (JVM running for 7.975)
[2020/10/20-09:29:45] [http-nio-2020-exec-1] [INFO ] [com.aviccii.cc.services.impl.UserServiceImpl] : checkuser ---> avicci
[2020/10/20-09:51:39] [restartedMain] [INFO ] [com.aviccii.cc.CcApplication] : Starting CcApplication on DESKTOP-11K43QD with PID 2700 (D:\JAVAProject\blogSystem\target\classes started by Administrator in D:\JAVAProject\blogSystem)
[2020/10/20-09:51:39] [restartedMain] [INFO ] [com.aviccii.cc.CcApplication] : The following profiles are active: dev
[2020/10/20-09:51:47] [restartedMain] [INFO ] [com.aviccii.cc.CcApplication] : Started CcApplication in 8.66 seconds (JVM running for 9.916)
[2020/10/20-09:52:00] [http-nio-2020-exec-10] [INFO ] [com.aviccii.cc.services.impl.UserServiceImpl] : checkuser ---> avicci
[2020/10/20-09:52:00] [http-nio-2020-exec-10] [INFO ] [com.aviccii.cc.services.impl.IImageServiceImpl] : contentType == >image/jpeg
[2020/10/20-09:52:00] [http-nio-2020-exec-10] [INFO ] [com.aviccii.cc.services.impl.IImageServiceImpl] : originalFilename == > arashmil.jpg
[2020/10/20-09:52:00] [http-nio-2020-exec-10] [INFO ] [com.aviccii.cc.services.impl.IImageServiceImpl] : maxSize === >2097152 size === > 5223
[2020/10/20-09:52:00] [http-nio-2020-exec-10] [INFO ] [com.aviccii.cc.services.impl.IImageServiceImpl] : current day == >2020_10_20
[2020/10/20-09:52:00] [http-nio-2020-exec-10] [INFO ] [com.aviccii.cc.services.impl.IImageServiceImpl] : targetFile == >D:\JAVAProject\images\2020_10_20\jpg\768048872554496000.jpg
[2020/10/20-09:52:00] [http-nio-2020-exec-10] [INFO ] [com.aviccii.cc.services.impl.UserServiceImpl] : checkuser ---> avicci
[2020/10/20-09:52:06] [http-nio-2020-exec-3] [INFO ] [com.aviccii.cc.services.impl.UserServiceImpl] : checkuser ---> avicci
[2020/10/20-09:52:06] [http-nio-2020-exec-3] [INFO ] [com.aviccii.cc.services.impl.UserServiceImpl] : checkuser ---> avicci
[2020/10/20-09:52:41] [http-nio-2020-exec-2] [INFO ] [com.aviccii.cc.services.impl.UserServiceImpl] : captcha font type index == >3
[2020/10/20-09:52:41] [http-nio-2020-exec-2] [INFO ] [com.aviccii.cc.services.impl.UserServiceImpl] : captcha content == >30
[2020/10/20-09:52:58] [http-nio-2020-exec-8] [INFO ] [com.aviccii.cc.services.impl.UserServiceImpl] : password ==>123456
[2020/10/20-09:52:58] [http-nio-2020-exec-8] [INFO ] [com.aviccii.cc.services.impl.UserServiceImpl] : passwordEncoding ==>$2a$10$BIQeIgZhagXjEMi9EWET0OqCPltWTMnQyoFIyXWj/B/jDFAFYf/5.
[2020/10/20-09:53:40] [http-nio-2020-exec-9] [INFO ] [com.aviccii.cc.services.impl.UserServiceImpl] : checkuser ---> avicci
[2020/10/20-09:53:40] [http-nio-2020-exec-9] [INFO ] [com.aviccii.cc.services.impl.IImageServiceImpl] : viewImage format == >2020_10_20
[2020/10/20-09:53:40] [http-nio-2020-exec-9] [INFO ] [com.aviccii.cc.services.impl.IImageServiceImpl] : get image target path  === >D:\\JAVAProject\\images\2020_10_20\jpg\\768048872554496000.jpg
[2020/10/20-09:54:09] [restartedMain] [INFO ] [com.aviccii.cc.CcApplication] : Starting CcApplication on DESKTOP-11K43QD with PID 13528 (D:\JAVAProject\blogSystem\target\classes started by Administrator in D:\JAVAProject\blogSystem)
[2020/10/20-09:54:09] [restartedMain] [INFO ] [com.aviccii.cc.CcApplication] : The following profiles are active: dev
[2020/10/20-09:54:15] [restartedMain] [INFO ] [com.aviccii.cc.CcApplication] : Started CcApplication in 6.357 seconds (JVM running for 7.623)
[2020/10/20-09:54:29] [http-nio-2020-exec-10] [INFO ] [com.aviccii.cc.services.impl.UserServiceImpl] : checkuser ---> avicci
[2020/10/20-09:54:29] [http-nio-2020-exec-10] [INFO ] [com.aviccii.cc.services.impl.UserServiceImpl] : checkuser ---> avicci
[2020/10/20-09:55:01] [http-nio-2020-exec-3] [INFO ] [com.aviccii.cc.services.impl.UserServiceImpl] : checkuser ---> avicci
[2020/10/20-10:28:06] [restartedMain] [INFO ] [com.aviccii.cc.CcApplication] : Starting CcApplication on DESKTOP-11K43QD with PID 14136 (D:\JAVAProject\blogSystem\target\classes started by Administrator in D:\JAVAProject\blogSystem)
[2020/10/20-10:28:06] [restartedMain] [INFO ] [com.aviccii.cc.CcApplication] : The following profiles are active: dev
[2020/10/20-10:28:12] [restartedMain] [INFO ] [com.aviccii.cc.CcApplication] : Started CcApplication in 5.947 seconds (JVM running for 7.03)
[2020/10/20-10:29:58] [http-nio-2020-exec-5] [INFO ] [com.aviccii.cc.services.impl.UserServiceImpl] : checkuser ---> avicci
[2020/10/20-10:29:58] [http-nio-2020-exec-5] [INFO ] [com.aviccii.cc.services.impl.UserServiceImpl] : checkuser ---> avicci
[2020/10/20-10:31:25] [http-nio-2020-exec-8] [INFO ] [com.aviccii.cc.services.impl.UserServiceImpl] : checkuser ---> avicci
[2020/10/20-10:39:46] [http-nio-2020-exec-9] [INFO ] [com.aviccii.cc.services.impl.UserServiceImpl] : checkuser ---> avicci
[2020/10/20-10:39:46] [http-nio-2020-exec-9] [INFO ] [com.aviccii.cc.services.impl.IImageServiceImpl] : contentType == >image/jpeg
[2020/10/20-10:39:46] [http-nio-2020-exec-9] [INFO ] [com.aviccii.cc.services.impl.IImageServiceImpl] : originalFilename == > jm_denis.jpg
[2020/10/20-10:39:46] [http-nio-2020-exec-9] [INFO ] [com.aviccii.cc.services.impl.IImageServiceImpl] : maxSize === >2097152 size === > 3072
[2020/10/20-10:39:46] [http-nio-2020-exec-9] [INFO ] [com.aviccii.cc.services.impl.IImageServiceImpl] : current day == >2020_10_20
[2020/10/20-10:39:46] [http-nio-2020-exec-9] [INFO ] [com.aviccii.cc.services.impl.IImageServiceImpl] : targetFile == >D:\JAVAProject\images\2020_10_20\jpg\768060891575877632.jpg
[2020/10/20-10:39:46] [http-nio-2020-exec-9] [INFO ] [com.aviccii.cc.services.impl.UserServiceImpl] : checkuser ---> avicci
[2020/10/20-10:39:52] [http-nio-2020-exec-10] [INFO ] [com.aviccii.cc.services.impl.UserServiceImpl] : checkuser ---> avicci
[2020/10/20-10:39:52] [http-nio-2020-exec-10] [INFO ] [com.aviccii.cc.services.impl.UserServiceImpl] : checkuser ---> avicci
[2020/10/20-10:40:57] [http-nio-2020-exec-2] [INFO ] [com.aviccii.cc.services.impl.UserServiceImpl] : checkuser ---> avicci
[2020/10/20-11:08:31] [restartedMain] [INFO ] [com.aviccii.cc.CcApplication] : Starting CcApplication on DESKTOP-11K43QD with PID 7500 (D:\JAVAProject\blogSystem\target\classes started by Administrator in D:\JAVAProject\blogSystem)
[2020/10/20-11:08:31] [restartedMain] [INFO ] [com.aviccii.cc.CcApplication] : The following profiles are active: dev
[2020/10/20-11:08:32] [restartedMain] [INFO ] [com.aviccii.cc.CcApplication] : Starting CcApplication on DESKTOP-11K43QD with PID 7660 (D:\JAVAProject\blogSystem\target\classes started by Administrator in D:\JAVAProject\blogSystem)
[2020/10/20-11:08:32] [restartedMain] [INFO ] [com.aviccii.cc.CcApplication] : The following profiles are active: dev
[2020/10/20-11:08:38] [restartedMain] [INFO ] [com.aviccii.cc.CcApplication] : Started CcApplication in 7.172 seconds (JVM running for 8.478)
[2020/10/20-11:12:41] [http-nio-2020-exec-10] [INFO ] [com.aviccii.cc.services.impl.UserServiceImpl] : checkuser ---> avicci
[2020/10/20-11:12:51] [http-nio-2020-exec-3] [INFO ] [com.aviccii.cc.services.impl.UserServiceImpl] : checkuser ---> avicci
[2020/10/20-11:13:38] [restartedMain] [INFO ] [com.aviccii.cc.CcApplication] : Starting CcApplication on DESKTOP-11K43QD with PID 9904 (D:\JAVAProject\blogSystem\target\classes started by Administrator in D:\JAVAProject\blogSystem)
[2020/10/20-11:13:38] [restartedMain] [INFO ] [com.aviccii.cc.CcApplication] : The following profiles are active: dev
[2020/10/20-11:13:43] [restartedMain] [INFO ] [com.aviccii.cc.CcApplication] : Started CcApplication in 5.877 seconds (JVM running for 6.788)
[2020/10/20-11:14:07] [http-nio-2020-exec-10] [INFO ] [com.aviccii.cc.services.impl.UserServiceImpl] : checkuser ---> avicci
[2020/10/20-11:15:19] [http-nio-2020-exec-8] [INFO ] [com.aviccii.cc.services.impl.UserServiceImpl] : checkuser ---> avicci
[2020/10/20-11:15:51] [http-nio-2020-exec-7] [INFO ] [com.aviccii.cc.services.impl.UserServiceImpl] : checkuser ---> avicci
