[2020/10/26-09:25:01] [restartedMain] [INFO ] [com.aviccii.cc.CcApplication] : Starting CcApplication on DESKTOP-11K43QD with PID 9244 (D:\JAVAProject\blogSystem\target\classes started by Administrator in D:\JAVAProject\blogSystem)
[2020/10/26-09:25:01] [restartedMain] [INFO ] [com.aviccii.cc.CcApplication] : The following profiles are active: dev
[2020/10/26-09:25:09] [restartedMain] [INFO ] [com.aviccii.cc.CcApplication] : Started CcApplication in 8.152 seconds (JVM running for 9.679)
[2020/10/26-09:26:07] [http-nio-2020-exec-9] [INFO ] [com.aviccii.cc.services.impl.UserServiceImpl] : captcha font type index == >3
[2020/10/26-09:26:07] [http-nio-2020-exec-9] [INFO ] [com.aviccii.cc.services.impl.UserServiceImpl] : captcha content == >0
[2020/10/26-09:26:22] [http-nio-2020-exec-1] [INFO ] [com.aviccii.cc.services.impl.UserServiceImpl] : password ==>123456
[2020/10/26-09:26:22] [http-nio-2020-exec-1] [INFO ] [com.aviccii.cc.services.impl.UserServiceImpl] : passwordEncoding ==>$2a$10$BIQeIgZhagXjEMi9EWET0OqCPltWTMnQyoFIyXWj/B/jDFAFYf/5.
[2020/10/26-09:54:41] [restartedMain] [INFO ] [com.aviccii.cc.CcApplication] : Starting CcApplication on DESKTOP-11K43QD with PID 11712 (D:\JAVAProject\blogSystem\target\classes started by Administrator in D:\JAVAProject\blogSystem)
[2020/10/26-09:54:41] [restartedMain] [INFO ] [com.aviccii.cc.CcApplication] : The following profiles are active: dev
[2020/10/26-09:54:47] [restartedMain] [INFO ] [com.aviccii.cc.CcApplication] : Started CcApplication in 6.44 seconds (JVM running for 7.304)
[2020/10/26-10:37:07] [restartedMain] [INFO ] [com.aviccii.cc.CcApplication] : Starting CcApplication on DESKTOP-11K43QD with PID 6520 (D:\JAVAProject\blogSystem\target\classes started by Administrator in D:\JAVAProject\blogSystem)
[2020/10/26-10:37:07] [restartedMain] [INFO ] [com.aviccii.cc.CcApplication] : The following profiles are active: dev
[2020/10/26-10:37:12] [restartedMain] [INFO ] [com.aviccii.cc.CcApplication] : Started CcApplication in 5.979 seconds (JVM running for 7.003)
[2020/10/26-10:52:37] [restartedMain] [INFO ] [com.aviccii.cc.CcApplication] : Starting CcApplication on DESKTOP-11K43QD with PID 10540 (D:\JAVAProject\blogSystem\target\classes started by Administrator in D:\JAVAProject\blogSystem)
[2020/10/26-10:52:37] [restartedMain] [INFO ] [com.aviccii.cc.CcApplication] : The following profiles are active: dev
[2020/10/26-10:52:42] [restartedMain] [INFO ] [com.aviccii.cc.CcApplication] : Started CcApplication in 5.981 seconds (JVM running for 6.963)
[2020/10/26-11:28:23] [restartedMain] [INFO ] [com.aviccii.cc.CcApplication] : Starting CcApplication on DESKTOP-11K43QD with PID 10512 (D:\JAVAProject\blogSystem\target\classes started by Administrator in D:\JAVAProject\blogSystem)
[2020/10/26-11:28:23] [restartedMain] [INFO ] [com.aviccii.cc.CcApplication] : The following profiles are active: dev
[2020/10/26-11:28:29] [restartedMain] [INFO ] [com.aviccii.cc.CcApplication] : Started CcApplication in 6.707 seconds (JVM running for 7.79)
[2020/10/26-11:29:05] [http-nio-2020-exec-6] [INFO ] [com.aviccii.cc.services.impl.UserServiceImpl] : checkuser2 ---> avicci
[2020/10/26-11:29:05] [http-nio-2020-exec-6] [INFO ] [com.aviccii.cc.services.impl.IImageServiceImpl] : contentType == >image/jpeg
[2020/10/26-11:29:05] [http-nio-2020-exec-6] [INFO ] [com.aviccii.cc.services.impl.IImageServiceImpl] : originalFilename == > mlane.jpg
[2020/10/26-11:29:05] [http-nio-2020-exec-6] [INFO ] [com.aviccii.cc.services.impl.IImageServiceImpl] : maxSize === >2097152 size === > 15450
[2020/10/26-11:29:05] [http-nio-2020-exec-6] [INFO ] [com.aviccii.cc.services.impl.IImageServiceImpl] : current day == >2020_10_26
[2020/10/26-11:29:05] [http-nio-2020-exec-6] [INFO ] [com.aviccii.cc.services.impl.IImageServiceImpl] : targetFile == >D:\JAVAProject\images\2020_10_26\jpg\770247630893613056.jpg
[2020/10/26-11:29:29] [http-nio-2020-exec-5] [INFO ] [com.aviccii.cc.services.impl.UserServiceImpl] : captcha font type index == >3
[2020/10/26-11:29:29] [http-nio-2020-exec-5] [INFO ] [com.aviccii.cc.services.impl.UserServiceImpl] : captcha content == >14
[2020/10/26-11:29:44] [http-nio-2020-exec-1] [INFO ] [com.aviccii.cc.services.impl.UserServiceImpl] : password ==>123456
[2020/10/26-11:29:44] [http-nio-2020-exec-1] [INFO ] [com.aviccii.cc.services.impl.UserServiceImpl] : passwordEncoding ==>$2a$10$BIQeIgZhagXjEMi9EWET0OqCPltWTMnQyoFIyXWj/B/jDFAFYf/5.
[2020/10/26-11:29:57] [http-nio-2020-exec-10] [INFO ] [com.aviccii.cc.services.impl.IImageServiceImpl] : contentType == >image/jpeg
[2020/10/26-11:29:57] [http-nio-2020-exec-10] [INFO ] [com.aviccii.cc.services.impl.IImageServiceImpl] : originalFilename == > mlane.jpg
[2020/10/26-11:29:57] [http-nio-2020-exec-10] [INFO ] [com.aviccii.cc.services.impl.IImageServiceImpl] : maxSize === >2097152 size === > 15450
[2020/10/26-11:29:57] [http-nio-2020-exec-10] [INFO ] [com.aviccii.cc.services.impl.IImageServiceImpl] : current day == >2020_10_26
[2020/10/26-11:29:57] [http-nio-2020-exec-10] [INFO ] [com.aviccii.cc.services.impl.IImageServiceImpl] : targetFile == >D:\JAVAProject\images\2020_10_26\jpg\770247848527659008.jpg
