[2020/10/29-15:11:10] [restartedMain] [INFO ] [com.aviccii.cc.CcApplication] : Starting CcApplication on DESKTOP-11K43QD with PID 14788 (D:\JAVAProject\blogSystem\target\classes started by Administrator in D:\JAVAProject\blogSystem)
[2020/10/29-15:11:10] [restartedMain] [INFO ] [com.aviccii.cc.CcApplication] : The following profiles are active: dev
[2020/10/29-15:11:17] [restartedMain] [INFO ] [com.aviccii.cc.CcApplication] : Started CcApplication in 7.681 seconds (JVM running for 9.172)
[2020/10/29-15:12:36] [http-nio-2020-exec-9] [INFO ] [com.aviccii.cc.services.impl.UserServiceImpl] : captcha font type index == >7
[2020/10/29-15:12:36] [http-nio-2020-exec-9] [INFO ] [com.aviccii.cc.services.impl.UserServiceImpl] : captcha content == >14
[2020/10/29-15:13:05] [http-nio-2020-exec-10] [INFO ] [com.aviccii.cc.services.impl.UserServiceImpl] : captcha font type index == >0
[2020/10/29-15:13:05] [http-nio-2020-exec-10] [INFO ] [com.aviccii.cc.services.impl.UserServiceImpl] : captcha content == >-1
[2020/10/29-15:13:11] [http-nio-2020-exec-6] [INFO ] [com.aviccii.cc.services.impl.UserServiceImpl] : captcha font type index == >5
[2020/10/29-15:13:11] [http-nio-2020-exec-6] [INFO ] [com.aviccii.cc.services.impl.UserServiceImpl] : captcha content == >1
[2020/10/29-15:13:18] [http-nio-2020-exec-2] [INFO ] [com.aviccii.cc.services.impl.UserServiceImpl] : captcha font type index == >3
[2020/10/29-15:13:18] [http-nio-2020-exec-2] [INFO ] [com.aviccii.cc.services.impl.UserServiceImpl] : captcha content == >16
[2020/10/29-15:13:19] [http-nio-2020-exec-3] [INFO ] [com.aviccii.cc.services.impl.UserServiceImpl] : captcha font type index == >5
[2020/10/29-15:13:19] [http-nio-2020-exec-3] [INFO ] [com.aviccii.cc.services.impl.UserServiceImpl] : captcha content == >-8
[2020/10/29-15:13:19] [http-nio-2020-exec-1] [INFO ] [com.aviccii.cc.services.impl.UserServiceImpl] : captcha font type index == >7
[2020/10/29-15:13:19] [http-nio-2020-exec-1] [INFO ] [com.aviccii.cc.services.impl.UserServiceImpl] : captcha content == >-6
[2020/10/29-15:13:21] [http-nio-2020-exec-8] [INFO ] [com.aviccii.cc.services.impl.UserServiceImpl] : captcha font type index == >8
[2020/10/29-15:13:21] [http-nio-2020-exec-8] [INFO ] [com.aviccii.cc.services.impl.UserServiceImpl] : captcha content == >17
[2020/10/29-15:13:23] [http-nio-2020-exec-5] [INFO ] [com.aviccii.cc.services.impl.UserServiceImpl] : captcha font type index == >6
[2020/10/29-15:13:23] [http-nio-2020-exec-5] [INFO ] [com.aviccii.cc.services.impl.UserServiceImpl] : captcha content == >6
[2020/10/29-15:18:11] [http-nio-2020-exec-4] [INFO ] [com.aviccii.cc.services.impl.UserServiceImpl] : captcha font type index == >1
[2020/10/29-15:18:11] [http-nio-2020-exec-4] [INFO ] [com.aviccii.cc.services.impl.UserServiceImpl] : captcha content == >9
[2020/10/29-15:21:10] [http-nio-2020-exec-10] [INFO ] [com.aviccii.cc.services.impl.UserServiceImpl] : captcha font type index == >2
[2020/10/29-15:21:10] [http-nio-2020-exec-10] [INFO ] [com.aviccii.cc.services.impl.UserServiceImpl] : captcha content == >4
[2020/10/29-15:23:05] [http-nio-2020-exec-2] [INFO ] [com.aviccii.cc.services.impl.UserServiceImpl] : captcha font type index == >8
[2020/10/29-15:23:05] [http-nio-2020-exec-2] [INFO ] [com.aviccii.cc.services.impl.UserServiceImpl] : captcha content == >18
[2020/10/29-15:23:11] [http-nio-2020-exec-3] [INFO ] [com.aviccii.cc.services.impl.UserServiceImpl] : captcha font type index == >8
[2020/10/29-15:23:11] [http-nio-2020-exec-3] [INFO ] [com.aviccii.cc.services.impl.UserServiceImpl] : captcha content == >0
[2020/10/29-15:23:40] [http-nio-2020-exec-1] [INFO ] [com.aviccii.cc.services.impl.UserServiceImpl] : captcha font type index == >2
[2020/10/29-15:23:40] [http-nio-2020-exec-1] [INFO ] [com.aviccii.cc.services.impl.UserServiceImpl] : captcha content == >-4
[2020/10/29-15:23:43] [http-nio-2020-exec-8] [INFO ] [com.aviccii.cc.services.impl.UserServiceImpl] : captcha font type index == >0
[2020/10/29-15:23:43] [http-nio-2020-exec-8] [INFO ] [com.aviccii.cc.services.impl.UserServiceImpl] : captcha content == >4
[2020/10/29-15:24:03] [http-nio-2020-exec-5] [INFO ] [com.aviccii.cc.services.impl.UserServiceImpl] : captcha font type index == >6
[2020/10/29-15:24:03] [http-nio-2020-exec-5] [INFO ] [com.aviccii.cc.services.impl.UserServiceImpl] : captcha content == >0
[2020/10/29-15:24:10] [http-nio-2020-exec-7] [INFO ] [com.aviccii.cc.services.impl.UserServiceImpl] : captcha font type index == >0
[2020/10/29-15:24:10] [http-nio-2020-exec-7] [INFO ] [com.aviccii.cc.services.impl.UserServiceImpl] : captcha content == >0
[2020/10/29-15:24:11] [http-nio-2020-exec-4] [INFO ] [com.aviccii.cc.services.impl.UserServiceImpl] : captcha font type index == >8
[2020/10/29-15:24:11] [http-nio-2020-exec-4] [INFO ] [com.aviccii.cc.services.impl.UserServiceImpl] : captcha content == >15
[2020/10/29-15:24:12] [http-nio-2020-exec-9] [INFO ] [com.aviccii.cc.services.impl.UserServiceImpl] : captcha font type index == >1
[2020/10/29-15:24:12] [http-nio-2020-exec-9] [INFO ] [com.aviccii.cc.services.impl.UserServiceImpl] : captcha content == >14
[2020/10/29-15:24:13] [http-nio-2020-exec-10] [INFO ] [com.aviccii.cc.services.impl.UserServiceImpl] : captcha font type index == >6
[2020/10/29-15:24:13] [http-nio-2020-exec-10] [INFO ] [com.aviccii.cc.services.impl.UserServiceImpl] : captcha content == >1
[2020/10/29-15:24:14] [http-nio-2020-exec-6] [INFO ] [com.aviccii.cc.services.impl.UserServiceImpl] : captcha font type index == >6
[2020/10/29-15:24:14] [http-nio-2020-exec-6] [INFO ] [com.aviccii.cc.services.impl.UserServiceImpl] : captcha content == >-6
[2020/10/29-15:40:07] [http-nio-2020-exec-3] [INFO ] [com.aviccii.cc.services.impl.UserServiceImpl] : captcha font type index == >4
[2020/10/29-15:40:07] [http-nio-2020-exec-3] [INFO ] [com.aviccii.cc.services.impl.UserServiceImpl] : captcha content == >11
[2020/10/29-15:40:08] [http-nio-2020-exec-1] [INFO ] [com.aviccii.cc.services.impl.UserServiceImpl] : captcha font type index == >7
[2020/10/29-15:40:08] [http-nio-2020-exec-1] [INFO ] [com.aviccii.cc.services.impl.UserServiceImpl] : captcha content == >-3
[2020/10/29-15:40:09] [http-nio-2020-exec-8] [INFO ] [com.aviccii.cc.services.impl.UserServiceImpl] : captcha font type index == >5
[2020/10/29-15:40:09] [http-nio-2020-exec-8] [INFO ] [com.aviccii.cc.services.impl.UserServiceImpl] : captcha content == >18
[2020/10/29-16:12:22] [http-nio-2020-exec-7] [INFO ] [com.aviccii.cc.services.impl.UserServiceImpl] : captcha font type index == >5
[2020/10/29-16:12:22] [http-nio-2020-exec-7] [INFO ] [com.aviccii.cc.services.impl.UserServiceImpl] : captcha content == >7
[2020/10/29-16:13:13] [http-nio-2020-exec-4] [INFO ] [com.aviccii.cc.services.impl.UserServiceImpl] : captcha font type index == >9
[2020/10/29-16:13:13] [http-nio-2020-exec-4] [INFO ] [com.aviccii.cc.services.impl.UserServiceImpl] : captcha content == >7
[2020/10/29-16:13:28] [http-nio-2020-exec-9] [INFO ] [com.aviccii.cc.services.impl.UserServiceImpl] : captcha font type index == >6
[2020/10/29-16:13:28] [http-nio-2020-exec-9] [INFO ] [com.aviccii.cc.services.impl.UserServiceImpl] : captcha content == >-3
[2020/10/29-16:14:32] [http-nio-2020-exec-6] [INFO ] [com.aviccii.cc.services.impl.UserServiceImpl] : captcha font type index == >1
[2020/10/29-16:14:32] [http-nio-2020-exec-6] [INFO ] [com.aviccii.cc.services.impl.UserServiceImpl] : captcha content == >8
[2020/10/29-16:15:31] [http-nio-2020-exec-2] [INFO ] [com.aviccii.cc.services.impl.UserServiceImpl] : captcha font type index == >0
[2020/10/29-16:15:31] [http-nio-2020-exec-2] [INFO ] [com.aviccii.cc.services.impl.UserServiceImpl] : captcha content == >35
[2020/10/29-16:15:43] [http-nio-2020-exec-3] [INFO ] [com.aviccii.cc.services.impl.UserServiceImpl] : captcha font type index == >8
[2020/10/29-16:15:43] [http-nio-2020-exec-3] [INFO ] [com.aviccii.cc.services.impl.UserServiceImpl] : captcha content == >0
[2020/10/29-16:16:22] [http-nio-2020-exec-1] [INFO ] [com.aviccii.cc.services.impl.UserServiceImpl] : captcha font type index == >4
[2020/10/29-16:16:22] [http-nio-2020-exec-1] [INFO ] [com.aviccii.cc.services.impl.UserServiceImpl] : captcha content == >18
[2020/10/29-16:16:30] [http-nio-2020-exec-8] [INFO ] [com.aviccii.cc.services.impl.UserServiceImpl] : captcha font type index == >2
[2020/10/29-16:16:30] [http-nio-2020-exec-8] [INFO ] [com.aviccii.cc.services.impl.UserServiceImpl] : captcha content == >-3
[2020/10/29-16:16:32] [http-nio-2020-exec-5] [INFO ] [com.aviccii.cc.services.impl.UserServiceImpl] : captcha font type index == >2
[2020/10/29-16:16:32] [http-nio-2020-exec-5] [INFO ] [com.aviccii.cc.services.impl.UserServiceImpl] : captcha content == >-3
[2020/10/29-16:16:38] [http-nio-2020-exec-7] [INFO ] [com.aviccii.cc.services.impl.UserServiceImpl] : captcha font type index == >9
[2020/10/29-16:16:38] [http-nio-2020-exec-7] [INFO ] [com.aviccii.cc.services.impl.UserServiceImpl] : captcha content == >14
[2020/10/29-16:16:46] [http-nio-2020-exec-4] [INFO ] [com.aviccii.cc.services.impl.UserServiceImpl] : captcha font type index == >8
[2020/10/29-16:16:46] [http-nio-2020-exec-4] [INFO ] [com.aviccii.cc.services.impl.UserServiceImpl] : captcha content == >-1
[2020/10/29-16:18:44] [http-nio-2020-exec-10] [INFO ] [com.aviccii.cc.services.impl.UserServiceImpl] : captcha font type index == >1
[2020/10/29-16:18:44] [http-nio-2020-exec-10] [INFO ] [com.aviccii.cc.services.impl.UserServiceImpl] : captcha content == >3
[2020/10/29-16:19:05] [http-nio-2020-exec-6] [INFO ] [com.aviccii.cc.services.impl.UserServiceImpl] : captcha font type index == >3
[2020/10/29-16:19:05] [http-nio-2020-exec-6] [INFO ] [com.aviccii.cc.services.impl.UserServiceImpl] : captcha content == >5
[2020/10/29-16:19:07] [http-nio-2020-exec-2] [INFO ] [com.aviccii.cc.services.impl.UserServiceImpl] : captcha font type index == >1
[2020/10/29-16:19:07] [http-nio-2020-exec-2] [INFO ] [com.aviccii.cc.services.impl.UserServiceImpl] : captcha content == >2
[2020/10/29-16:19:15] [http-nio-2020-exec-3] [INFO ] [com.aviccii.cc.services.impl.UserServiceImpl] : captcha font type index == >0
[2020/10/29-16:19:15] [http-nio-2020-exec-3] [INFO ] [com.aviccii.cc.services.impl.UserServiceImpl] : captcha content == >8
[2020/10/29-16:27:00] [http-nio-2020-exec-8] [INFO ] [com.aviccii.cc.services.impl.UserServiceImpl] : captcha font type index == >8
[2020/10/29-16:27:00] [http-nio-2020-exec-8] [INFO ] [com.aviccii.cc.services.impl.UserServiceImpl] : captcha content == >2
[2020/10/29-16:34:44] [http-nio-2020-exec-7] [INFO ] [com.aviccii.cc.services.impl.UserServiceImpl] : captcha font type index == >3
[2020/10/29-16:34:44] [http-nio-2020-exec-7] [INFO ] [com.aviccii.cc.services.impl.UserServiceImpl] : captcha content == >6
[2020/10/29-16:34:52] [http-nio-2020-exec-4] [INFO ] [com.aviccii.cc.services.impl.UserServiceImpl] : captcha font type index == >8
[2020/10/29-16:34:52] [http-nio-2020-exec-4] [INFO ] [com.aviccii.cc.services.impl.UserServiceImpl] : captcha content == >12
[2020/10/29-16:35:03] [http-nio-2020-exec-9] [INFO ] [com.aviccii.cc.services.impl.UserServiceImpl] : captcha font type index == >4
[2020/10/29-16:35:03] [http-nio-2020-exec-9] [INFO ] [com.aviccii.cc.services.impl.UserServiceImpl] : captcha content == >0
[2020/10/29-16:35:26] [http-nio-2020-exec-10] [INFO ] [com.aviccii.cc.services.impl.UserServiceImpl] : captcha font type index == >5
[2020/10/29-16:35:26] [http-nio-2020-exec-10] [INFO ] [com.aviccii.cc.services.impl.UserServiceImpl] : captcha content == >8
[2020/10/29-16:35:54] [http-nio-2020-exec-6] [INFO ] [com.aviccii.cc.services.impl.UserServiceImpl] : captcha font type index == >0
[2020/10/29-16:35:54] [http-nio-2020-exec-6] [INFO ] [com.aviccii.cc.services.impl.UserServiceImpl] : captcha content == >0
[2020/10/29-16:36:01] [http-nio-2020-exec-2] [INFO ] [com.aviccii.cc.services.impl.UserServiceImpl] : captcha font type index == >0
[2020/10/29-16:36:01] [http-nio-2020-exec-2] [INFO ] [com.aviccii.cc.services.impl.UserServiceImpl] : captcha content == >0
[2020/10/29-16:36:22] [http-nio-2020-exec-3] [INFO ] [com.aviccii.cc.services.impl.UserServiceImpl] : captcha font type index == >9
[2020/10/29-16:36:22] [http-nio-2020-exec-3] [INFO ] [com.aviccii.cc.services.impl.UserServiceImpl] : captcha content == >49
[2020/10/29-16:41:56] [http-nio-2020-exec-8] [INFO ] [com.aviccii.cc.services.impl.UserServiceImpl] : captcha font type index == >3
[2020/10/29-16:41:56] [http-nio-2020-exec-8] [INFO ] [com.aviccii.cc.services.impl.UserServiceImpl] : captcha content == >6
[2020/10/29-16:42:40] [http-nio-2020-exec-5] [INFO ] [com.aviccii.cc.services.impl.UserServiceImpl] : captcha font type index == >9
[2020/10/29-16:42:40] [http-nio-2020-exec-5] [INFO ] [com.aviccii.cc.services.impl.UserServiceImpl] : captcha content == >28
[2020/10/29-16:43:32] [http-nio-2020-exec-10] [INFO ] [com.aviccii.cc.services.impl.UserServiceImpl] : captcha font type index == >0
[2020/10/29-16:43:32] [http-nio-2020-exec-10] [INFO ] [com.aviccii.cc.services.impl.UserServiceImpl] : captcha content == >-1
[2020/10/29-16:46:02] [http-nio-2020-exec-3] [INFO ] [com.aviccii.cc.services.impl.UserServiceImpl] : captcha font type index == >6
[2020/10/29-16:46:02] [http-nio-2020-exec-3] [INFO ] [com.aviccii.cc.services.impl.UserServiceImpl] : captcha content == >6
[2020/10/29-16:46:21] [http-nio-2020-exec-1] [INFO ] [com.aviccii.cc.services.impl.UserServiceImpl] : captcha font type index == >8
[2020/10/29-16:46:21] [http-nio-2020-exec-1] [INFO ] [com.aviccii.cc.services.impl.UserServiceImpl] : captcha content == >11
[2020/10/29-16:46:34] [http-nio-2020-exec-8] [INFO ] [com.aviccii.cc.services.impl.UserServiceImpl] : captcha font type index == >7
[2020/10/29-16:46:34] [http-nio-2020-exec-8] [INFO ] [com.aviccii.cc.services.impl.UserServiceImpl] : captcha content == >-1
[2020/10/29-16:46:37] [http-nio-2020-exec-5] [INFO ] [com.aviccii.cc.services.impl.UserServiceImpl] : captcha font type index == >9
[2020/10/29-16:46:37] [http-nio-2020-exec-5] [INFO ] [com.aviccii.cc.services.impl.UserServiceImpl] : captcha content == >2
[2020/10/29-16:49:40] [http-nio-2020-exec-6] [INFO ] [com.aviccii.cc.services.impl.UserServiceImpl] : captcha font type index == >2
[2020/10/29-16:49:40] [http-nio-2020-exec-6] [INFO ] [com.aviccii.cc.services.impl.UserServiceImpl] : captcha content == >1
[2020/10/29-16:51:09] [http-nio-2020-exec-8] [INFO ] [com.aviccii.cc.services.impl.UserServiceImpl] : captcha font type index == >6
[2020/10/29-16:51:09] [http-nio-2020-exec-8] [INFO ] [com.aviccii.cc.services.impl.UserServiceImpl] : captcha content == >8
[2020/10/29-16:51:14] [http-nio-2020-exec-5] [INFO ] [com.aviccii.cc.services.impl.UserServiceImpl] : captcha font type index == >8
[2020/10/29-16:51:14] [http-nio-2020-exec-5] [INFO ] [com.aviccii.cc.services.impl.UserServiceImpl] : captcha content == >-3
[2020/10/29-17:00:49] [http-nio-2020-exec-6] [INFO ] [com.aviccii.cc.services.impl.UserServiceImpl] : captcha font type index == >7
[2020/10/29-17:00:50] [http-nio-2020-exec-6] [INFO ] [com.aviccii.cc.services.impl.UserServiceImpl] : captcha content == >0
[2020/10/29-17:01:52] [http-nio-2020-exec-1] [INFO ] [com.aviccii.cc.services.impl.UserServiceImpl] : captcha font type index == >0
[2020/10/29-17:01:52] [http-nio-2020-exec-1] [INFO ] [com.aviccii.cc.services.impl.UserServiceImpl] : captcha content == >14
[2020/10/29-17:01:54] [http-nio-2020-exec-8] [INFO ] [com.aviccii.cc.services.impl.UserServiceImpl] : captcha font type index == >4
[2020/10/29-17:01:54] [http-nio-2020-exec-8] [INFO ] [com.aviccii.cc.services.impl.UserServiceImpl] : captcha content == >7
[2020/10/29-17:02:27] [http-nio-2020-exec-4] [INFO ] [com.aviccii.cc.services.impl.UserServiceImpl] : captcha font type index == >2
[2020/10/29-17:02:27] [http-nio-2020-exec-4] [INFO ] [com.aviccii.cc.services.impl.UserServiceImpl] : captcha content == >0
[2020/10/29-17:02:45] [http-nio-2020-exec-10] [INFO ] [com.aviccii.cc.services.impl.UserServiceImpl] : captcha font type index == >9
[2020/10/29-17:02:45] [http-nio-2020-exec-10] [INFO ] [com.aviccii.cc.services.impl.UserServiceImpl] : captcha content == >18
[2020/10/29-17:03:06] [http-nio-2020-exec-3] [INFO ] [com.aviccii.cc.services.impl.UserServiceImpl] : captcha font type index == >4
[2020/10/29-17:03:06] [http-nio-2020-exec-3] [INFO ] [com.aviccii.cc.services.impl.UserServiceImpl] : captcha content == >9
[2020/10/29-17:03:09] [http-nio-2020-exec-1] [INFO ] [com.aviccii.cc.services.impl.UserServiceImpl] : password ==>123456
[2020/10/29-17:03:09] [http-nio-2020-exec-1] [INFO ] [com.aviccii.cc.services.impl.UserServiceImpl] : passwordEncoding ==>$2a$10$BIQeIgZhagXjEMi9EWET0OqCPltWTMnQyoFIyXWj/B/jDFAFYf/5.
