[2020/11/03-08:41:09] [restartedMain] [INFO ] [com.aviccii.cc.CcApplication] : Starting CcApplication on DESKTOP-11K43QD with PID 16468 (D:\JAVAProject\blogSystem\target\classes started by Administrator in D:\JAVAProject\blogSystem)
[2020/11/03-08:41:09] [restartedMain] [INFO ] [com.aviccii.cc.CcApplication] : The following profiles are active: dev
[2020/11/03-08:46:45] [restartedMain] [INFO ] [com.aviccii.cc.CcApplication] : Starting CcApplication on DESKTOP-11K43QD with PID 13564 (D:\JAVAProject\blogSystem\target\classes started by Administrator in D:\JAVAProject\blogSystem)
[2020/11/03-08:46:45] [restartedMain] [INFO ] [com.aviccii.cc.CcApplication] : The following profiles are active: dev
[2020/11/03-08:47:13] [restartedMain] [INFO ] [com.aviccii.cc.CcApplication] : Started CcApplication in 29.018 seconds (JVM running for 29.992)
[2020/11/03-09:10:30] [http-nio-2020-exec-1] [INFO ] [com.aviccii.cc.services.impl.UserServiceImpl] : checkuser2 ---> avicci
[2020/11/03-09:10:57] [http-nio-2020-exec-2] [INFO ] [com.aviccii.cc.services.impl.UserServiceImpl] : captcha font type index == >4
[2020/11/03-09:10:57] [http-nio-2020-exec-2] [INFO ] [com.aviccii.cc.services.impl.UserServiceImpl] : captcha content == >20
[2020/11/03-09:11:02] [http-nio-2020-exec-3] [INFO ] [com.aviccii.cc.services.impl.UserServiceImpl] : password ==>123456
[2020/11/03-09:11:02] [http-nio-2020-exec-3] [INFO ] [com.aviccii.cc.services.impl.UserServiceImpl] : passwordEncoding ==>$2a$10$BIQeIgZhagXjEMi9EWET0OqCPltWTMnQyoFIyXWj/B/jDFAFYf/5.
[2020/11/03-11:13:05] [http-nio-2020-exec-2] [INFO ] [com.aviccii.cc.services.impl.UserServiceImpl] : checkuser2 ---> avicci
[2020/11/03-13:42:13] [http-nio-2020-exec-9] [INFO ] [com.aviccii.cc.services.impl.UserServiceImpl] : checkuser2 ---> avicci
[2020/11/03-14:22:39] [restartedMain] [INFO ] [com.aviccii.cc.CcApplication] : Starting CcApplication on DESKTOP-11K43QD with PID 9308 (D:\JAVAProject\blogSystem\target\classes started by Administrator in D:\JAVAProject\blogSystem)
[2020/11/03-14:22:39] [restartedMain] [INFO ] [com.aviccii.cc.CcApplication] : The following profiles are active: dev
[2020/11/03-14:22:46] [restartedMain] [INFO ] [com.aviccii.cc.CcApplication] : Started CcApplication in 7.614 seconds (JVM running for 8.85)
[2020/11/03-14:47:06] [restartedMain] [INFO ] [com.aviccii.cc.CcApplication] : Starting CcApplication on DESKTOP-11K43QD with PID 9384 (D:\JAVAProject\blogSystem\target\classes started by Administrator in D:\JAVAProject\blogSystem)
[2020/11/03-14:47:06] [restartedMain] [INFO ] [com.aviccii.cc.CcApplication] : The following profiles are active: dev
[2020/11/03-14:47:11] [restartedMain] [INFO ] [com.aviccii.cc.CcApplication] : Started CcApplication in 5.909 seconds (JVM running for 7.004)
[2020/11/03-15:16:29] [http-nio-2020-exec-10] [INFO ] [com.aviccii.cc.services.impl.IImageServiceImpl] : viewImage format == >2020_10_20
[2020/11/03-15:16:29] [http-nio-2020-exec-10] [INFO ] [com.aviccii.cc.services.impl.IImageServiceImpl] : get image target path  === >D:\\JAVAProject\\images\2020_10_20\png\\768039862963011584.png
[2020/11/03-15:18:17] [http-nio-2020-exec-3] [INFO ] [com.aviccii.cc.services.impl.IImageServiceImpl] : viewImage format == >2020_10_20
[2020/11/03-15:18:17] [http-nio-2020-exec-3] [INFO ] [com.aviccii.cc.services.impl.IImageServiceImpl] : get image target path  === >D:\\JAVAProject\\images\2020_10_20\png\\768039862963011584.png
[2020/11/03-15:18:17] [http-nio-2020-exec-8] [INFO ] [com.aviccii.cc.services.impl.IImageServiceImpl] : viewImage format == >2020_10_20
[2020/11/03-15:18:17] [http-nio-2020-exec-8] [INFO ] [com.aviccii.cc.services.impl.IImageServiceImpl] : get image target path  === >D:\\JAVAProject\\images\2020_10_20\png\\768039862963011584.png
[2020/11/03-15:20:13] [http-nio-2020-exec-1] [INFO ] [com.aviccii.cc.services.impl.IImageServiceImpl] : viewImage format == >2020_10_20
[2020/11/03-15:20:13] [http-nio-2020-exec-1] [INFO ] [com.aviccii.cc.services.impl.IImageServiceImpl] : get image target path  === >D:\\JAVAProject\\images\2020_10_20\png\\768039862963011584.png
[2020/11/03-15:20:13] [http-nio-2020-exec-10] [INFO ] [com.aviccii.cc.services.impl.IImageServiceImpl] : viewImage format == >2020_10_20
[2020/11/03-15:20:13] [http-nio-2020-exec-10] [INFO ] [com.aviccii.cc.services.impl.IImageServiceImpl] : get image target path  === >D:\\JAVAProject\\images\2020_10_20\png\\768039862963011584.png
