[2020/10/21-10:46:38] [restartedMain] [INFO ] [com.aviccii.cc.CcApplication] : Starting CcApplication on DESKTOP-11K43QD with PID 14416 (D:\JAVAProject\blogSystem\target\classes started by Administrator in D:\JAVAProject\blogSystem)
[2020/10/21-10:46:38] [restartedMain] [INFO ] [com.aviccii.cc.CcApplication] : The following profiles are active: dev
[2020/10/21-10:46:44] [restartedMain] [INFO ] [com.aviccii.cc.CcApplication] : Started CcApplication in 6.852 seconds (JVM running for 8.061)
[2020/10/21-11:17:40] [restartedMain] [INFO ] [com.aviccii.cc.CcApplication] : Starting CcApplication on DESKTOP-11K43QD with PID 7444 (D:\JAVAProject\blogSystem\target\classes started by Administrator in D:\JAVAProject\blogSystem)
[2020/10/21-11:17:40] [restartedMain] [INFO ] [com.aviccii.cc.CcApplication] : The following profiles are active: dev
[2020/10/21-11:17:47] [restartedMain] [INFO ] [com.aviccii.cc.CcApplication] : Started CcApplication in 7.088 seconds (JVM running for 8.244)
[2020/10/21-11:18:47] [restartedMain] [INFO ] [com.aviccii.cc.CcApplication] : Starting CcApplication on DESKTOP-11K43QD with PID 8772 (D:\JAVAProject\blogSystem\target\classes started by Administrator in D:\JAVAProject\blogSystem)
[2020/10/21-11:18:47] [restartedMain] [INFO ] [com.aviccii.cc.CcApplication] : The following profiles are active: dev
[2020/10/21-11:18:53] [restartedMain] [INFO ] [com.aviccii.cc.CcApplication] : Started CcApplication in 6.982 seconds (JVM running for 8.17)
[2020/10/21-11:23:03] [restartedMain] [INFO ] [com.aviccii.cc.CcApplication] : Starting CcApplication on DESKTOP-11K43QD with PID 3152 (D:\JAVAProject\blogSystem\target\classes started by Administrator in D:\JAVAProject\blogSystem)
[2020/10/21-11:23:03] [restartedMain] [INFO ] [com.aviccii.cc.CcApplication] : The following profiles are active: dev
[2020/10/21-11:23:10] [restartedMain] [INFO ] [com.aviccii.cc.CcApplication] : Started CcApplication in 7.445 seconds (JVM running for 8.408)
[2020/10/21-14:01:08] [restartedMain] [INFO ] [com.aviccii.cc.CcApplication] : Starting CcApplication on DESKTOP-11K43QD with PID 2264 (D:\JAVAProject\blogSystem\target\classes started by Administrator in D:\JAVAProject\blogSystem)
[2020/10/21-14:01:08] [restartedMain] [INFO ] [com.aviccii.cc.CcApplication] : The following profiles are active: dev
[2020/10/21-14:01:15] [restartedMain] [INFO ] [com.aviccii.cc.CcApplication] : Started CcApplication in 7.279 seconds (JVM running for 8.662)
[2020/10/21-14:01:49] [http-nio-2020-exec-2] [INFO ] [com.aviccii.cc.services.impl.UserServiceImpl] : captcha font type index == >0
[2020/10/21-14:01:50] [http-nio-2020-exec-2] [INFO ] [com.aviccii.cc.services.impl.UserServiceImpl] : captcha content == >3
[2020/10/21-14:05:42] [restartedMain] [INFO ] [com.aviccii.cc.CcApplication] : Starting CcApplication on DESKTOP-11K43QD with PID 13440 (D:\JAVAProject\blogSystem\target\classes started by Administrator in D:\JAVAProject\blogSystem)
[2020/10/21-14:05:42] [restartedMain] [INFO ] [com.aviccii.cc.CcApplication] : The following profiles are active: dev
[2020/10/21-14:05:48] [restartedMain] [INFO ] [com.aviccii.cc.CcApplication] : Started CcApplication in 7.059 seconds (JVM running for 8.532)
[2020/10/21-14:06:50] [http-nio-2020-exec-8] [INFO ] [com.aviccii.cc.services.impl.UserServiceImpl] : captcha font type index == >2
[2020/10/21-14:06:50] [http-nio-2020-exec-8] [INFO ] [com.aviccii.cc.services.impl.UserServiceImpl] : captcha content == >35
[2020/10/21-14:07:18] [http-nio-2020-exec-6] [INFO ] [com.aviccii.cc.services.impl.UserServiceImpl] : password ==>123456
[2020/10/21-14:07:18] [http-nio-2020-exec-6] [INFO ] [com.aviccii.cc.services.impl.UserServiceImpl] : passwordEncoding ==>$2a$10$BIQeIgZhagXjEMi9EWET0OqCPltWTMnQyoFIyXWj/B/jDFAFYf/5.
[2020/10/21-14:09:25] [http-nio-2020-exec-9] [INFO ] [com.aviccii.cc.services.impl.UserServiceImpl] : checkuser ---> avicci
[2020/10/21-14:11:15] [http-nio-2020-exec-2] [INFO ] [com.aviccii.cc.services.impl.UserServiceImpl] : checkuser ---> avicci
[2020/10/21-14:11:15] [http-nio-2020-exec-2] [INFO ] [com.aviccii.cc.services.impl.UserServiceImpl] : checkuser ---> avicci
