[2020/09/25-09:05:06] [restartedMain] [INFO ] [com.aviccii.cc.CcApplication] : Starting CcApplication on DESKTOP-11K43QD with PID 13060 (D:\JAVAProject\blogSystem\target\classes started by Administrator in D:\JAVAProject\blogSystem)
[2020/09/25-09:05:06] [restartedMain] [INFO ] [com.aviccii.cc.CcApplication] : No active profile set, falling back to default profiles: default
[2020/09/25-09:05:18] [restartedMain] [INFO ] [com.aviccii.cc.CcApplication] : Started CcApplication in 12.891 seconds (JVM running for 14.709)
[2020/09/25-09:05:59] [restartedMain] [INFO ] [com.aviccii.cc.CcApplication] : Starting CcApplication on DESKTOP-11K43QD with PID 16748 (D:\JAVAProject\blogSystem\target\classes started by Administrator in D:\JAVAProject\blogSystem)
[2020/09/25-09:05:59] [restartedMain] [INFO ] [com.aviccii.cc.CcApplication] : No active profile set, falling back to default profiles: default
[2020/09/25-09:06:04] [restartedMain] [INFO ] [com.aviccii.cc.CcApplication] : Started CcApplication in 5.641 seconds (JVM running for 6.725)
[2020/09/25-09:06:21] [http-nio-2020-exec-2] [INFO ] [com.aviccii.cc.controller.user.UserApi] : email ==> 863134471@qq.com
[2020/09/25-09:06:21] [http-nio-2020-exec-2] [INFO ] [com.aviccii.cc.services.impl.UserServiceImpl] : sendEmail == > ip == > 0:0:0:0:0:0:0:1
[2020/09/25-09:06:21] [http-nio-2020-exec-2] [INFO ] [com.aviccii.cc.services.impl.UserServiceImpl] : Constants.user.KEY_EMAIL_SEND_IP+remoteAddr === >key_email_send_ip_0_0_0_0_0_0_0_1
[2020/09/25-09:06:21] [http-nio-2020-exec-2] [INFO ] [com.aviccii.cc.services.impl.UserServiceImpl] : sendEmail code == >797869
[2020/09/25-09:12:43] [http-nio-2020-exec-5] [INFO ] [com.aviccii.cc.controller.user.UserApi] : email ==> 863134471@qq.com
[2020/09/25-09:12:43] [http-nio-2020-exec-5] [INFO ] [com.aviccii.cc.services.impl.UserServiceImpl] : sendEmail == > ip == > 0:0:0:0:0:0:0:1
[2020/09/25-09:12:43] [http-nio-2020-exec-5] [INFO ] [com.aviccii.cc.services.impl.UserServiceImpl] : Constants.user.KEY_EMAIL_SEND_IP+remoteAddr === >key_email_send_ip_0_0_0_0_0_0_0_1
[2020/09/25-09:12:43] [http-nio-2020-exec-5] [INFO ] [com.aviccii.cc.services.impl.UserServiceImpl] : sendEmail code == >262493
[2020/09/25-09:13:08] [blog_task_worker-2] [INFO ] [com.aviccii.cc.utils.EmailSender] : email sent...
[2020/09/25-11:07:00] [restartedMain] [INFO ] [com.aviccii.cc.CcApplication] : Starting CcApplication on DESKTOP-11K43QD with PID 720 (D:\JAVAProject\blogSystem\target\classes started by Administrator in D:\JAVAProject\blogSystem)
[2020/09/25-11:07:00] [restartedMain] [INFO ] [com.aviccii.cc.CcApplication] : No active profile set, falling back to default profiles: default
[2020/09/25-11:09:27] [restartedMain] [INFO ] [com.aviccii.cc.CcApplication] : Starting CcApplication on DESKTOP-11K43QD with PID 9680 (D:\JAVAProject\blogSystem\target\classes started by Administrator in D:\JAVAProject\blogSystem)
[2020/09/25-11:09:27] [restartedMain] [INFO ] [com.aviccii.cc.CcApplication] : No active profile set, falling back to default profiles: default
[2020/09/25-11:14:15] [restartedMain] [INFO ] [com.aviccii.cc.CcApplication] : Starting CcApplication on DESKTOP-11K43QD with PID 3256 (D:\JAVAProject\blogSystem\target\classes started by Administrator in D:\JAVAProject\blogSystem)
[2020/09/25-11:14:15] [restartedMain] [INFO ] [com.aviccii.cc.CcApplication] : No active profile set, falling back to default profiles: default
[2020/09/25-11:15:15] [restartedMain] [INFO ] [com.aviccii.cc.CcApplication] : Starting CcApplication on DESKTOP-11K43QD with PID 17940 (D:\JAVAProject\blogSystem\target\classes started by Administrator in D:\JAVAProject\blogSystem)
[2020/09/25-11:15:15] [restartedMain] [INFO ] [com.aviccii.cc.CcApplication] : No active profile set, falling back to default profiles: default
[2020/09/25-11:15:20] [restartedMain] [INFO ] [com.aviccii.cc.CcApplication] : Started CcApplication in 5.256 seconds (JVM running for 6.167)
[2020/09/25-11:24:31] [http-nio-2020-exec-1] [INFO ] [com.aviccii.cc.services.impl.UserServiceImpl] : captcha font type index == >6
[2020/09/25-11:24:31] [http-nio-2020-exec-1] [INFO ] [com.aviccii.cc.services.impl.UserServiceImpl] : captcha content == >14
[2020/09/25-11:25:19] [http-nio-2020-exec-2] [INFO ] [com.aviccii.cc.controller.user.UserApi] : email ==> 863134471@qq.com
[2020/09/25-11:25:19] [http-nio-2020-exec-2] [INFO ] [com.aviccii.cc.services.impl.UserServiceImpl] : sendEmail == > ip == > 0:0:0:0:0:0:0:1
[2020/09/25-11:25:19] [http-nio-2020-exec-2] [INFO ] [com.aviccii.cc.services.impl.UserServiceImpl] : Constants.user.KEY_EMAIL_SEND_IP+remoteAddr === >key_email_send_ip_0_0_0_0_0_0_0_1
[2020/09/25-11:25:19] [http-nio-2020-exec-2] [INFO ] [com.aviccii.cc.services.impl.UserServiceImpl] : sendEmail code == >193772
[2020/09/25-11:25:43] [blog_task_worker-1] [INFO ] [com.aviccii.cc.utils.EmailSender] : email sent...
[2020/09/25-11:29:07] [restartedMain] [INFO ] [com.aviccii.cc.CcApplication] : Starting CcApplication on DESKTOP-11K43QD with PID 17792 (D:\JAVAProject\blogSystem\target\classes started by Administrator in D:\JAVAProject\blogSystem)
[2020/09/25-11:29:07] [restartedMain] [INFO ] [com.aviccii.cc.CcApplication] : No active profile set, falling back to default profiles: default
[2020/09/25-11:29:13] [restartedMain] [INFO ] [com.aviccii.cc.CcApplication] : Started CcApplication in 6.61 seconds (JVM running for 7.79)
[2020/09/25-11:30:00] [restartedMain] [INFO ] [com.aviccii.cc.CcApplication] : Starting CcApplication on DESKTOP-11K43QD with PID 18676 (D:\JAVAProject\blogSystem\target\classes started by Administrator in D:\JAVAProject\blogSystem)
[2020/09/25-11:30:00] [restartedMain] [INFO ] [com.aviccii.cc.CcApplication] : No active profile set, falling back to default profiles: default
[2020/09/25-11:30:06] [restartedMain] [INFO ] [com.aviccii.cc.CcApplication] : Started CcApplication in 6.601 seconds (JVM running for 8.144)
[2020/09/25-11:32:23] [restartedMain] [INFO ] [com.aviccii.cc.CcApplication] : Starting CcApplication on DESKTOP-11K43QD with PID 16544 (D:\JAVAProject\blogSystem\target\classes started by Administrator in D:\JAVAProject\blogSystem)
[2020/09/25-11:32:23] [restartedMain] [INFO ] [com.aviccii.cc.CcApplication] : No active profile set, falling back to default profiles: default
[2020/09/25-11:32:29] [restartedMain] [INFO ] [com.aviccii.cc.CcApplication] : Started CcApplication in 6.495 seconds (JVM running for 7.632)
[2020/09/25-12:57:04] [restartedMain] [INFO ] [com.aviccii.cc.CcApplication] : Starting CcApplication on DESKTOP-11K43QD with PID 14996 (D:\JAVAProject\blogSystem\target\classes started by Administrator in D:\JAVAProject\blogSystem)
[2020/09/25-12:57:04] [restartedMain] [INFO ] [com.aviccii.cc.CcApplication] : No active profile set, falling back to default profiles: default
[2020/09/25-12:57:09] [restartedMain] [INFO ] [com.aviccii.cc.CcApplication] : Started CcApplication in 5.291 seconds (JVM running for 6.259)
[2020/09/25-13:01:15] [http-nio-2020-exec-3] [INFO ] [com.aviccii.cc.services.impl.UserServiceImpl] : captcha font type index == >4
[2020/09/25-13:01:15] [http-nio-2020-exec-3] [INFO ] [com.aviccii.cc.services.impl.UserServiceImpl] : captcha content == >8
[2020/09/25-13:02:05] [http-nio-2020-exec-6] [INFO ] [com.aviccii.cc.controller.user.UserApi] : email ==> 863134471@qq.com
[2020/09/25-13:02:05] [http-nio-2020-exec-6] [INFO ] [com.aviccii.cc.services.impl.UserServiceImpl] : sendEmail == > ip == > 0:0:0:0:0:0:0:1
[2020/09/25-13:02:05] [http-nio-2020-exec-6] [INFO ] [com.aviccii.cc.services.impl.UserServiceImpl] : Constants.user.KEY_EMAIL_SEND_IP+remoteAddr === >key_email_send_ip_0_0_0_0_0_0_0_1
[2020/09/25-13:02:05] [http-nio-2020-exec-6] [INFO ] [com.aviccii.cc.services.impl.UserServiceImpl] : sendEmail code == >307183
[2020/09/25-13:02:25] [blog_task_worker-1] [INFO ] [com.aviccii.cc.utils.EmailSender] : email sent...
[2020/09/25-13:07:17] [http-nio-2020-exec-3] [INFO ] [com.aviccii.cc.services.impl.UserServiceImpl] : captcha font type index == >1
[2020/09/25-13:07:17] [http-nio-2020-exec-3] [INFO ] [com.aviccii.cc.services.impl.UserServiceImpl] : captcha content == >24
[2020/09/25-13:07:34] [http-nio-2020-exec-5] [INFO ] [com.aviccii.cc.controller.user.UserApi] : email ==> 863134471@qq.com
[2020/09/25-13:07:34] [http-nio-2020-exec-5] [INFO ] [com.aviccii.cc.services.impl.UserServiceImpl] : sendEmail == > ip == > 0:0:0:0:0:0:0:1
[2020/09/25-13:07:34] [http-nio-2020-exec-5] [INFO ] [com.aviccii.cc.services.impl.UserServiceImpl] : Constants.user.KEY_EMAIL_SEND_IP+remoteAddr === >key_email_send_ip_0_0_0_0_0_0_0_1
[2020/09/25-13:07:34] [http-nio-2020-exec-5] [INFO ] [com.aviccii.cc.services.impl.UserServiceImpl] : sendEmail code == >794555
[2020/09/25-13:07:55] [blog_task_worker-2] [INFO ] [com.aviccii.cc.utils.EmailSender] : email sent...
[2020/09/25-13:08:46] [http-nio-2020-exec-7] [INFO ] [com.aviccii.cc.controller.user.UserApi] : email ==> 863134471@qq.com
[2020/09/25-13:08:46] [http-nio-2020-exec-7] [INFO ] [com.aviccii.cc.services.impl.UserServiceImpl] : sendEmail == > ip == > 0:0:0:0:0:0:0:1
[2020/09/25-13:08:46] [http-nio-2020-exec-7] [INFO ] [com.aviccii.cc.services.impl.UserServiceImpl] : Constants.user.KEY_EMAIL_SEND_IP+remoteAddr === >key_email_send_ip_0_0_0_0_0_0_0_1
[2020/09/25-13:08:46] [http-nio-2020-exec-7] [INFO ] [com.aviccii.cc.services.impl.UserServiceImpl] : sendEmail code == >177503
[2020/09/25-13:09:05] [blog_task_worker-1] [INFO ] [com.aviccii.cc.utils.EmailSender] : email sent...
[2020/09/25-13:11:13] [http-nio-2020-exec-2] [INFO ] [com.aviccii.cc.services.impl.UserServiceImpl] : captcha font type index == >6
[2020/09/25-13:11:13] [http-nio-2020-exec-2] [INFO ] [com.aviccii.cc.services.impl.UserServiceImpl] : captcha content == >1
[2020/09/25-13:11:48] [http-nio-2020-exec-3] [INFO ] [com.aviccii.cc.controller.user.UserApi] : email ==> 863134471@qq.com
[2020/09/25-13:11:48] [http-nio-2020-exec-3] [INFO ] [com.aviccii.cc.services.impl.UserServiceImpl] : sendEmail == > ip == > 0:0:0:0:0:0:0:1
[2020/09/25-13:11:48] [http-nio-2020-exec-3] [INFO ] [com.aviccii.cc.services.impl.UserServiceImpl] : Constants.user.KEY_EMAIL_SEND_IP+remoteAddr === >key_email_send_ip_0_0_0_0_0_0_0_1
[2020/09/25-13:11:48] [http-nio-2020-exec-3] [INFO ] [com.aviccii.cc.services.impl.UserServiceImpl] : sendEmail code == >125675
[2020/09/25-13:12:05] [blog_task_worker-2] [INFO ] [com.aviccii.cc.utils.EmailSender] : email sent...
[2020/09/25-13:14:58] [http-nio-2020-exec-7] [INFO ] [com.aviccii.cc.services.impl.UserServiceImpl] : captcha font type index == >4
[2020/09/25-13:14:58] [http-nio-2020-exec-7] [INFO ] [com.aviccii.cc.services.impl.UserServiceImpl] : captcha content == >-7
[2020/09/25-13:15:06] [http-nio-2020-exec-8] [INFO ] [com.aviccii.cc.services.impl.UserServiceImpl] : captcha font type index == >2
[2020/09/25-13:15:06] [http-nio-2020-exec-8] [INFO ] [com.aviccii.cc.services.impl.UserServiceImpl] : captcha content == >14
[2020/09/25-13:15:22] [http-nio-2020-exec-9] [INFO ] [com.aviccii.cc.controller.user.UserApi] : email ==> 863134471@qq.com
[2020/09/25-13:15:22] [http-nio-2020-exec-9] [INFO ] [com.aviccii.cc.services.impl.UserServiceImpl] : sendEmail == > ip == > 0:0:0:0:0:0:0:1
[2020/09/25-13:15:22] [http-nio-2020-exec-9] [INFO ] [com.aviccii.cc.services.impl.UserServiceImpl] : Constants.user.KEY_EMAIL_SEND_IP+remoteAddr === >key_email_send_ip_0_0_0_0_0_0_0_1
[2020/09/25-13:15:22] [http-nio-2020-exec-9] [INFO ] [com.aviccii.cc.services.impl.UserServiceImpl] : sendEmail code == >541759
[2020/09/25-13:15:45] [blog_task_worker-1] [INFO ] [com.aviccii.cc.utils.EmailSender] : email sent...
[2020/09/25-13:16:36] [http-nio-2020-exec-2] [INFO ] [com.aviccii.cc.controller.user.UserApi] : email ==> 863134471@qq.com
[2020/09/25-13:16:36] [http-nio-2020-exec-2] [INFO ] [com.aviccii.cc.services.impl.UserServiceImpl] : sendEmail == > ip == > 0:0:0:0:0:0:0:1
[2020/09/25-13:16:36] [http-nio-2020-exec-2] [INFO ] [com.aviccii.cc.services.impl.UserServiceImpl] : Constants.user.KEY_EMAIL_SEND_IP+remoteAddr === >key_email_send_ip_0_0_0_0_0_0_0_1
[2020/09/25-13:16:36] [http-nio-2020-exec-2] [INFO ] [com.aviccii.cc.services.impl.UserServiceImpl] : sendEmail code == >677566
[2020/09/25-13:16:55] [blog_task_worker-2] [INFO ] [com.aviccii.cc.utils.EmailSender] : email sent...
