[2020/09/28-08:42:14] [restartedMain] [INFO ] [com.aviccii.cc.CcApplication] : Starting CcApplication on DESKTOP-11K43QD with PID 20040 (D:\JAVAProject\blogSystem\target\classes started by Administrator in D:\JAVAProject\blogSystem)
[2020/09/28-08:42:14] [restartedMain] [INFO ] [com.aviccii.cc.CcApplication] : No active profile set, falling back to default profiles: default
[2020/09/28-08:42:23] [restartedMain] [INFO ] [com.aviccii.cc.CcApplication] : Started CcApplication in 10.446 seconds (JVM running for 11.938)
[2020/09/28-08:43:51] [http-nio-2020-exec-2] [INFO ] [com.aviccii.cc.services.impl.UserServiceImpl] : captcha font type index == >4
[2020/09/28-08:43:51] [http-nio-2020-exec-2] [INFO ] [com.aviccii.cc.services.impl.UserServiceImpl] : captcha content == >72
[2020/09/28-08:44:05] [http-nio-2020-exec-3] [INFO ] [com.aviccii.cc.controller.user.UserApi] : email ==> 863134471@qq.com
[2020/09/28-08:44:06] [http-nio-2020-exec-3] [INFO ] [com.aviccii.cc.services.impl.UserServiceImpl] : sendEmail == > ip == > 0:0:0:0:0:0:0:1
[2020/09/28-08:44:06] [http-nio-2020-exec-3] [INFO ] [com.aviccii.cc.services.impl.UserServiceImpl] : Constants.user.KEY_EMAIL_SEND_IP+remoteAddr === >key_email_send_ip_0_0_0_0_0_0_0_1
[2020/09/28-08:44:06] [http-nio-2020-exec-3] [INFO ] [com.aviccii.cc.services.impl.UserServiceImpl] : sendEmail code == >292132
[2020/09/28-08:53:43] [http-nio-2020-exec-7] [INFO ] [com.aviccii.cc.services.impl.UserServiceImpl] : captcha font type index == >7
[2020/09/28-08:53:43] [http-nio-2020-exec-7] [INFO ] [com.aviccii.cc.services.impl.UserServiceImpl] : captcha content == >5
[2020/09/28-08:54:03] [http-nio-2020-exec-8] [INFO ] [com.aviccii.cc.controller.user.UserApi] : email ==> 863134471@qq.com
[2020/09/28-08:54:03] [http-nio-2020-exec-8] [INFO ] [com.aviccii.cc.services.impl.UserServiceImpl] : sendEmail == > ip == > 0:0:0:0:0:0:0:1
[2020/09/28-08:54:03] [http-nio-2020-exec-8] [INFO ] [com.aviccii.cc.services.impl.UserServiceImpl] : Constants.user.KEY_EMAIL_SEND_IP+remoteAddr === >key_email_send_ip_0_0_0_0_0_0_0_1
[2020/09/28-08:54:03] [http-nio-2020-exec-8] [INFO ] [com.aviccii.cc.services.impl.UserServiceImpl] : sendEmail code == >404924
[2020/09/28-08:54:55] [blog_task_worker-2] [INFO ] [com.aviccii.cc.utils.EmailSender] : email sent...
[2020/09/28-09:27:04] [http-nio-2020-exec-4] [INFO ] [com.aviccii.cc.services.impl.UserServiceImpl] : captcha font type index == >8
[2020/09/28-09:27:04] [http-nio-2020-exec-4] [INFO ] [com.aviccii.cc.services.impl.UserServiceImpl] : captcha content == >8
[2020/09/28-09:28:06] [http-nio-2020-exec-7] [INFO ] [com.aviccii.cc.controller.user.UserApi] : email ==> 863134471@qq.com
[2020/09/28-09:28:06] [http-nio-2020-exec-7] [INFO ] [com.aviccii.cc.services.impl.UserServiceImpl] : sendEmail == > ip == > 0:0:0:0:0:0:0:1
[2020/09/28-09:28:06] [http-nio-2020-exec-7] [INFO ] [com.aviccii.cc.services.impl.UserServiceImpl] : Constants.user.KEY_EMAIL_SEND_IP+remoteAddr === >key_email_send_ip_0_0_0_0_0_0_0_1
[2020/09/28-09:28:06] [http-nio-2020-exec-7] [INFO ] [com.aviccii.cc.services.impl.UserServiceImpl] : sendEmail code == >886775
[2020/09/28-09:28:34] [blog_task_worker-1] [INFO ] [com.aviccii.cc.utils.EmailSender] : email sent...
[2020/09/28-09:36:16] [restartedMain] [INFO ] [com.aviccii.cc.CcApplication] : Starting CcApplication on DESKTOP-11K43QD with PID 17632 (D:\JAVAProject\blogSystem\target\classes started by Administrator in D:\JAVAProject\blogSystem)
[2020/09/28-09:36:16] [restartedMain] [INFO ] [com.aviccii.cc.CcApplication] : No active profile set, falling back to default profiles: default
[2020/09/28-09:36:22] [restartedMain] [INFO ] [com.aviccii.cc.CcApplication] : Started CcApplication in 6.888 seconds (JVM running for 9.414)
[2020/09/28-09:36:43] [http-nio-2020-exec-1] [INFO ] [com.aviccii.cc.services.impl.UserServiceImpl] : captcha font type index == >0
[2020/09/28-09:36:43] [http-nio-2020-exec-1] [INFO ] [com.aviccii.cc.services.impl.UserServiceImpl] : captcha content == >4
[2020/09/28-09:37:08] [http-nio-2020-exec-4] [INFO ] [com.aviccii.cc.controller.user.UserApi] : email ==> 863134471@qq.com
[2020/09/28-09:37:08] [http-nio-2020-exec-4] [INFO ] [com.aviccii.cc.services.impl.UserServiceImpl] : sendEmail == > ip == > 0:0:0:0:0:0:0:1
[2020/09/28-09:37:08] [http-nio-2020-exec-4] [INFO ] [com.aviccii.cc.services.impl.UserServiceImpl] : Constants.user.KEY_EMAIL_SEND_IP+remoteAddr === >key_email_send_ip_0_0_0_0_0_0_0_1
[2020/09/28-09:37:08] [http-nio-2020-exec-4] [INFO ] [com.aviccii.cc.services.impl.UserServiceImpl] : sendEmail code == >618082
[2020/09/28-09:44:03] [restartedMain] [INFO ] [com.aviccii.cc.CcApplication] : Starting CcApplication on DESKTOP-11K43QD with PID 3564 (D:\JAVAProject\blogSystem\target\classes started by Administrator in D:\JAVAProject\blogSystem)
[2020/09/28-09:44:03] [restartedMain] [INFO ] [com.aviccii.cc.CcApplication] : No active profile set, falling back to default profiles: default
[2020/09/28-09:44:08] [restartedMain] [INFO ] [com.aviccii.cc.CcApplication] : Started CcApplication in 5.859 seconds (JVM running for 6.956)
[2020/09/28-09:44:15] [http-nio-2020-exec-2] [INFO ] [com.aviccii.cc.services.impl.UserServiceImpl] : captcha font type index == >3
[2020/09/28-09:44:15] [http-nio-2020-exec-2] [INFO ] [com.aviccii.cc.services.impl.UserServiceImpl] : captcha content == >1
[2020/09/28-09:45:21] [http-nio-2020-exec-5] [INFO ] [com.aviccii.cc.controller.user.UserApi] : email ==> 863134471@qq.com
[2020/09/28-09:45:21] [http-nio-2020-exec-5] [INFO ] [com.aviccii.cc.services.impl.UserServiceImpl] : sendEmail == > ip == > 0:0:0:0:0:0:0:1
[2020/09/28-09:45:21] [http-nio-2020-exec-5] [INFO ] [com.aviccii.cc.services.impl.UserServiceImpl] : Constants.user.KEY_EMAIL_SEND_IP+remoteAddr === >key_email_send_ip_0_0_0_0_0_0_0_1
[2020/09/28-09:45:21] [http-nio-2020-exec-5] [INFO ] [com.aviccii.cc.services.impl.UserServiceImpl] : sendEmail code == >273683
[2020/09/28-09:45:44] [blog_task_worker-1] [INFO ] [com.aviccii.cc.utils.EmailSender] : email sent...
[2020/09/28-09:47:05] [restartedMain] [INFO ] [com.aviccii.cc.CcApplication] : Starting CcApplication on DESKTOP-11K43QD with PID 2144 (D:\JAVAProject\blogSystem\target\classes started by Administrator in D:\JAVAProject\blogSystem)
[2020/09/28-09:47:05] [restartedMain] [INFO ] [com.aviccii.cc.CcApplication] : No active profile set, falling back to default profiles: default
[2020/09/28-09:47:11] [restartedMain] [INFO ] [com.aviccii.cc.CcApplication] : Started CcApplication in 6.001 seconds (JVM running for 6.977)
[2020/09/28-09:47:32] [http-nio-2020-exec-3] [INFO ] [com.aviccii.cc.controller.user.UserApi] : email ==> 863134471@qq.com
[2020/09/28-09:47:32] [http-nio-2020-exec-3] [INFO ] [com.aviccii.cc.services.impl.UserServiceImpl] : sendEmail == > ip == > 0:0:0:0:0:0:0:1
[2020/09/28-09:47:32] [http-nio-2020-exec-3] [INFO ] [com.aviccii.cc.services.impl.UserServiceImpl] : Constants.user.KEY_EMAIL_SEND_IP+remoteAddr === >key_email_send_ip_0_0_0_0_0_0_0_1
[2020/09/28-09:47:32] [http-nio-2020-exec-3] [INFO ] [com.aviccii.cc.services.impl.UserServiceImpl] : sendEmail code == >527780
[2020/09/28-09:47:54] [blog_task_worker-1] [INFO ] [com.aviccii.cc.utils.EmailSender] : email sent...
[2020/09/28-09:49:29] [restartedMain] [INFO ] [com.aviccii.cc.CcApplication] : Starting CcApplication on DESKTOP-11K43QD with PID 16456 (D:\JAVAProject\blogSystem\target\classes started by Administrator in D:\JAVAProject\blogSystem)
[2020/09/28-09:49:29] [restartedMain] [INFO ] [com.aviccii.cc.CcApplication] : No active profile set, falling back to default profiles: default
[2020/09/28-09:49:34] [restartedMain] [INFO ] [com.aviccii.cc.CcApplication] : Started CcApplication in 5.477 seconds (JVM running for 6.506)
[2020/09/28-09:49:44] [http-nio-2020-exec-2] [INFO ] [com.aviccii.cc.controller.user.UserApi] : email ==> 863134471@qq.com
[2020/09/28-09:49:44] [http-nio-2020-exec-2] [INFO ] [com.aviccii.cc.services.impl.UserServiceImpl] : sendEmail == > ip == > 0:0:0:0:0:0:0:1
[2020/09/28-09:49:44] [http-nio-2020-exec-2] [INFO ] [com.aviccii.cc.services.impl.UserServiceImpl] : Constants.user.KEY_EMAIL_SEND_IP+remoteAddr === >key_email_send_ip_0_0_0_0_0_0_0_1
[2020/09/28-09:49:44] [http-nio-2020-exec-2] [INFO ] [com.aviccii.cc.services.impl.UserServiceImpl] : sendEmail code == >219837
[2020/09/28-09:50:05] [blog_task_worker-1] [INFO ] [com.aviccii.cc.utils.EmailSender] : email sent...
[2020/09/28-09:50:57] [restartedMain] [INFO ] [com.aviccii.cc.CcApplication] : Starting CcApplication on DESKTOP-11K43QD with PID 6932 (D:\JAVAProject\blogSystem\target\classes started by Administrator in D:\JAVAProject\blogSystem)
[2020/09/28-09:50:57] [restartedMain] [INFO ] [com.aviccii.cc.CcApplication] : No active profile set, falling back to default profiles: default
[2020/09/28-09:51:03] [restartedMain] [INFO ] [com.aviccii.cc.CcApplication] : Started CcApplication in 7.115 seconds (JVM running for 8.707)
[2020/09/28-09:51:25] [restartedMain] [INFO ] [com.aviccii.cc.CcApplication] : Starting CcApplication on DESKTOP-11K43QD with PID 14564 (D:\JAVAProject\blogSystem\target\classes started by Administrator in D:\JAVAProject\blogSystem)
[2020/09/28-09:51:25] [restartedMain] [INFO ] [com.aviccii.cc.CcApplication] : No active profile set, falling back to default profiles: default
[2020/09/28-09:51:30] [restartedMain] [INFO ] [com.aviccii.cc.CcApplication] : Started CcApplication in 5.56 seconds (JVM running for 6.552)
[2020/09/28-09:51:38] [http-nio-2020-exec-1] [INFO ] [com.aviccii.cc.controller.user.UserApi] : email ==> 863134471@qq.com
[2020/09/28-09:51:38] [http-nio-2020-exec-1] [INFO ] [com.aviccii.cc.services.impl.UserServiceImpl] : sendEmail == > ip == > 0:0:0:0:0:0:0:1
[2020/09/28-09:51:38] [http-nio-2020-exec-1] [INFO ] [com.aviccii.cc.services.impl.UserServiceImpl] : Constants.user.KEY_EMAIL_SEND_IP+remoteAddr === >key_email_send_ip_0_0_0_0_0_0_0_1
[2020/09/28-09:51:39] [http-nio-2020-exec-1] [INFO ] [com.aviccii.cc.services.impl.UserServiceImpl] : sendEmail code == >262071
[2020/09/28-09:52:05] [blog_task_worker-1] [INFO ] [com.aviccii.cc.utils.EmailSender] : email sent...
[2020/09/28-09:56:24] [restartedMain] [INFO ] [com.aviccii.cc.CcApplication] : Starting CcApplication on DESKTOP-11K43QD with PID 13024 (D:\JAVAProject\blogSystem\target\classes started by Administrator in D:\JAVAProject\blogSystem)
[2020/09/28-09:56:24] [restartedMain] [INFO ] [com.aviccii.cc.CcApplication] : No active profile set, falling back to default profiles: default
[2020/09/28-09:56:29] [restartedMain] [INFO ] [com.aviccii.cc.CcApplication] : Started CcApplication in 6.256 seconds (JVM running for 7.24)
[2020/09/28-09:56:47] [http-nio-2020-exec-1] [INFO ] [com.aviccii.cc.services.impl.UserServiceImpl] : captcha font type index == >9
[2020/09/28-09:56:47] [http-nio-2020-exec-1] [INFO ] [com.aviccii.cc.services.impl.UserServiceImpl] : captcha content == >-1
[2020/09/28-09:57:03] [http-nio-2020-exec-2] [INFO ] [com.aviccii.cc.controller.user.UserApi] : email ==> 863134471@qq.com
[2020/09/28-09:57:03] [http-nio-2020-exec-2] [INFO ] [com.aviccii.cc.services.impl.UserServiceImpl] : sendEmail == > ip == > 0:0:0:0:0:0:0:1
[2020/09/28-09:57:03] [http-nio-2020-exec-2] [INFO ] [com.aviccii.cc.services.impl.UserServiceImpl] : Constants.user.KEY_EMAIL_SEND_IP+remoteAddr === >key_email_send_ip_0_0_0_0_0_0_0_1
[2020/09/28-09:57:03] [http-nio-2020-exec-2] [INFO ] [com.aviccii.cc.services.impl.UserServiceImpl] : sendEmail code == >153079
[2020/09/28-09:57:25] [blog_task_worker-1] [INFO ] [com.aviccii.cc.utils.EmailSender] : email sent...
[2020/09/28-09:58:06] [restartedMain] [INFO ] [com.aviccii.cc.CcApplication] : Starting CcApplication on DESKTOP-11K43QD with PID 11068 (D:\JAVAProject\blogSystem\target\classes started by Administrator in D:\JAVAProject\blogSystem)
[2020/09/28-09:58:06] [restartedMain] [INFO ] [com.aviccii.cc.CcApplication] : No active profile set, falling back to default profiles: default
[2020/09/28-09:58:11] [restartedMain] [INFO ] [com.aviccii.cc.CcApplication] : Started CcApplication in 5.715 seconds (JVM running for 6.665)
[2020/09/28-09:58:25] [http-nio-2020-exec-1] [INFO ] [com.aviccii.cc.services.impl.UserServiceImpl] : captcha font type index == >4
[2020/09/28-09:58:25] [http-nio-2020-exec-1] [INFO ] [com.aviccii.cc.services.impl.UserServiceImpl] : captcha content == >5
[2020/09/28-09:58:46] [http-nio-2020-exec-3] [INFO ] [com.aviccii.cc.controller.user.UserApi] : email ==> 863134471@qq.com
[2020/09/28-09:58:46] [http-nio-2020-exec-3] [INFO ] [com.aviccii.cc.services.impl.UserServiceImpl] : sendEmail == > ip == > 0:0:0:0:0:0:0:1
[2020/09/28-09:58:46] [http-nio-2020-exec-3] [INFO ] [com.aviccii.cc.services.impl.UserServiceImpl] : Constants.user.KEY_EMAIL_SEND_IP+remoteAddr === >key_email_send_ip_0_0_0_0_0_0_0_1
[2020/09/28-09:58:46] [http-nio-2020-exec-3] [INFO ] [com.aviccii.cc.services.impl.UserServiceImpl] : sendEmail code == >172398
[2020/09/28-09:59:05] [blog_task_worker-1] [INFO ] [com.aviccii.cc.utils.EmailSender] : email sent...
[2020/09/28-11:22:01] [restartedMain] [INFO ] [com.aviccii.cc.CcApplication] : Starting CcApplication on DESKTOP-11K43QD with PID 11068 (D:\JAVAProject\blogSystem\target\classes started by Administrator in D:\JAVAProject\blogSystem)
[2020/09/28-11:22:01] [restartedMain] [INFO ] [com.aviccii.cc.CcApplication] : No active profile set, falling back to default profiles: default
[2020/09/28-11:22:02] [restartedMain] [INFO ] [com.aviccii.cc.CcApplication] : Started CcApplication in 1.262 seconds (JVM running for 5037.655)
[2020/09/28-11:22:05] [restartedMain] [INFO ] [com.aviccii.cc.CcApplication] : Starting CcApplication on DESKTOP-11K43QD with PID 11068 (D:\JAVAProject\blogSystem\target\classes started by Administrator in D:\JAVAProject\blogSystem)
[2020/09/28-11:22:05] [restartedMain] [INFO ] [com.aviccii.cc.CcApplication] : No active profile set, falling back to default profiles: default
[2020/09/28-11:22:07] [restartedMain] [INFO ] [com.aviccii.cc.CcApplication] : Started CcApplication in 2.196 seconds (JVM running for 5042.576)
[2020/09/28-11:26:39] [restartedMain] [INFO ] [com.aviccii.cc.CcApplication] : Starting CcApplication on DESKTOP-11K43QD with PID 11068 (D:\JAVAProject\blogSystem\target\classes started by Administrator in D:\JAVAProject\blogSystem)
[2020/09/28-11:26:39] [restartedMain] [INFO ] [com.aviccii.cc.CcApplication] : No active profile set, falling back to default profiles: default
[2020/09/28-11:26:41] [restartedMain] [INFO ] [com.aviccii.cc.CcApplication] : Started CcApplication in 2.054 seconds (JVM running for 5316.145)
