[2020/10/22-09:23:49] [restartedMain] [INFO ] [com.aviccii.cc.CcApplication] : Starting CcApplication on DESKTOP-11K43QD with PID 16144 (D:\JAVAProject\blogSystem\target\classes started by Administrator in D:\JAVAProject\blogSystem)
[2020/10/22-09:23:49] [restartedMain] [INFO ] [com.aviccii.cc.CcApplication] : The following profiles are active: dev
[2020/10/22-09:28:23] [restartedMain] [INFO ] [com.aviccii.cc.CcApplication] : Starting CcApplication on DESKTOP-11K43QD with PID 9560 (D:\JAVAProject\blogSystem\target\classes started by Administrator in D:\JAVAProject\blogSystem)
[2020/10/22-09:28:23] [restartedMain] [INFO ] [com.aviccii.cc.CcApplication] : The following profiles are active: dev
[2020/10/22-09:28:32] [restartedMain] [INFO ] [com.aviccii.cc.CcApplication] : Started CcApplication in 10.345 seconds (JVM running for 12.508)
[2020/10/22-09:30:33] [http-nio-2020-exec-4] [INFO ] [com.aviccii.cc.services.impl.UserServiceImpl] : captcha font type index == >1
[2020/10/22-09:30:33] [http-nio-2020-exec-4] [INFO ] [com.aviccii.cc.services.impl.UserServiceImpl] : captcha content == >42
[2020/10/22-09:30:49] [http-nio-2020-exec-7] [INFO ] [com.aviccii.cc.services.impl.UserServiceImpl] : password ==>123456
[2020/10/22-09:30:49] [http-nio-2020-exec-7] [INFO ] [com.aviccii.cc.services.impl.UserServiceImpl] : passwordEncoding ==>$2a$10$BIQeIgZhagXjEMi9EWET0OqCPltWTMnQyoFIyXWj/B/jDFAFYf/5.
[2020/10/22-09:31:17] [http-nio-2020-exec-1] [INFO ] [com.aviccii.cc.services.impl.UserServiceImpl] : checkuser ---> avicci
[2020/10/22-09:33:17] [http-nio-2020-exec-2] [INFO ] [com.aviccii.cc.services.impl.UserServiceImpl] : checkuser ---> avicci
[2020/10/22-09:33:17] [http-nio-2020-exec-2] [INFO ] [com.aviccii.cc.services.impl.UserServiceImpl] : checkuser ---> avicci
[2020/10/22-09:38:52] [http-nio-2020-exec-10] [INFO ] [com.aviccii.cc.services.impl.UserServiceImpl] : checkuser ---> avicci
[2020/10/22-09:38:52] [http-nio-2020-exec-10] [INFO ] [com.aviccii.cc.services.impl.UserServiceImpl] : checkuser ---> avicci
[2020/10/22-09:50:07] [restartedMain] [INFO ] [com.aviccii.cc.CcApplication] : Starting CcApplication on DESKTOP-11K43QD with PID 2268 (D:\JAVAProject\blogSystem\target\classes started by Administrator in D:\JAVAProject\blogSystem)
[2020/10/22-09:50:07] [restartedMain] [INFO ] [com.aviccii.cc.CcApplication] : The following profiles are active: dev
[2020/10/22-09:50:12] [restartedMain] [INFO ] [com.aviccii.cc.CcApplication] : Started CcApplication in 6.218 seconds (JVM running for 7.312)
[2020/10/22-10:41:57] [restartedMain] [INFO ] [com.aviccii.cc.CcApplication] : Starting CcApplication on DESKTOP-11K43QD with PID 14100 (D:\JAVAProject\blogSystem\target\classes started by Administrator in D:\JAVAProject\blogSystem)
[2020/10/22-10:41:57] [restartedMain] [INFO ] [com.aviccii.cc.CcApplication] : The following profiles are active: dev
[2020/10/22-10:42:04] [restartedMain] [INFO ] [com.aviccii.cc.CcApplication] : Started CcApplication in 8.073 seconds (JVM running for 9.465)
[2020/10/22-11:18:03] [restartedMain] [INFO ] [com.aviccii.cc.CcApplication] : Starting CcApplication on DESKTOP-11K43QD with PID 10220 (D:\JAVAProject\blogSystem\target\classes started by Administrator in D:\JAVAProject\blogSystem)
[2020/10/22-11:18:03] [restartedMain] [INFO ] [com.aviccii.cc.CcApplication] : The following profiles are active: dev
[2020/10/22-11:18:10] [restartedMain] [INFO ] [com.aviccii.cc.CcApplication] : Started CcApplication in 7.899 seconds (JVM running for 9.099)
[2020/10/22-13:39:29] [restartedMain] [INFO ] [com.aviccii.cc.CcApplication] : Starting CcApplication on DESKTOP-11K43QD with PID 8184 (D:\JAVAProject\blogSystem\target\classes started by Administrator in D:\JAVAProject\blogSystem)
[2020/10/22-13:39:29] [restartedMain] [INFO ] [com.aviccii.cc.CcApplication] : The following profiles are active: dev
[2020/10/22-13:39:35] [restartedMain] [INFO ] [com.aviccii.cc.CcApplication] : Started CcApplication in 6.355 seconds (JVM running for 7.439)
[2020/10/22-14:01:35] [restartedMain] [INFO ] [com.aviccii.cc.CcApplication] : Starting CcApplication on DESKTOP-11K43QD with PID 4864 (D:\JAVAProject\blogSystem\target\classes started by Administrator in D:\JAVAProject\blogSystem)
[2020/10/22-14:01:35] [restartedMain] [INFO ] [com.aviccii.cc.CcApplication] : The following profiles are active: dev
[2020/10/22-14:01:42] [restartedMain] [INFO ] [com.aviccii.cc.CcApplication] : Started CcApplication in 7.592 seconds (JVM running for 8.752)
[2020/10/22-14:07:26] [restartedMain] [INFO ] [com.aviccii.cc.CcApplication] : Starting CcApplication on DESKTOP-11K43QD with PID 13088 (D:\JAVAProject\blogSystem\target\classes started by Administrator in D:\JAVAProject\blogSystem)
[2020/10/22-14:07:26] [restartedMain] [INFO ] [com.aviccii.cc.CcApplication] : The following profiles are active: dev
[2020/10/22-14:07:33] [restartedMain] [INFO ] [com.aviccii.cc.CcApplication] : Started CcApplication in 7.693 seconds (JVM running for 8.716)
[2020/10/22-14:08:09] [restartedMain] [INFO ] [com.aviccii.cc.CcApplication] : Starting CcApplication on DESKTOP-11K43QD with PID 3588 (D:\JAVAProject\blogSystem\target\classes started by Administrator in D:\JAVAProject\blogSystem)
[2020/10/22-14:08:09] [restartedMain] [INFO ] [com.aviccii.cc.CcApplication] : The following profiles are active: dev
[2020/10/22-14:08:15] [restartedMain] [INFO ] [com.aviccii.cc.CcApplication] : Started CcApplication in 7.334 seconds (JVM running for 8.599)
[2020/10/22-14:12:56] [restartedMain] [INFO ] [com.aviccii.cc.CcApplication] : Starting CcApplication on DESKTOP-11K43QD with PID 10312 (D:\JAVAProject\blogSystem\target\classes started by Administrator in D:\JAVAProject\blogSystem)
[2020/10/22-14:12:56] [restartedMain] [INFO ] [com.aviccii.cc.CcApplication] : The following profiles are active: dev
[2020/10/22-14:13:02] [restartedMain] [INFO ] [com.aviccii.cc.CcApplication] : Started CcApplication in 6.354 seconds (JVM running for 7.337)
[2020/10/22-14:47:51] [restartedMain] [INFO ] [com.aviccii.cc.CcApplication] : Starting CcApplication on DESKTOP-11K43QD with PID 16032 (D:\JAVAProject\blogSystem\target\classes started by Administrator in D:\JAVAProject\blogSystem)
[2020/10/22-14:47:51] [restartedMain] [INFO ] [com.aviccii.cc.CcApplication] : The following profiles are active: dev
[2020/10/22-14:47:58] [restartedMain] [INFO ] [com.aviccii.cc.CcApplication] : Started CcApplication in 7.098 seconds (JVM running for 8.302)
[2020/10/22-14:49:34] [restartedMain] [INFO ] [com.aviccii.cc.CcApplication] : Starting CcApplication on DESKTOP-11K43QD with PID 7912 (D:\JAVAProject\blogSystem\target\classes started by Administrator in D:\JAVAProject\blogSystem)
[2020/10/22-14:49:34] [restartedMain] [INFO ] [com.aviccii.cc.CcApplication] : The following profiles are active: dev
[2020/10/22-14:49:40] [restartedMain] [INFO ] [com.aviccii.cc.CcApplication] : Started CcApplication in 6.604 seconds (JVM running for 7.626)
[2020/10/22-14:52:50] [restartedMain] [INFO ] [com.aviccii.cc.CcApplication] : Starting CcApplication on DESKTOP-11K43QD with PID 11788 (D:\JAVAProject\blogSystem\target\classes started by Administrator in D:\JAVAProject\blogSystem)
[2020/10/22-14:52:50] [restartedMain] [INFO ] [com.aviccii.cc.CcApplication] : The following profiles are active: dev
[2020/10/22-14:52:56] [restartedMain] [INFO ] [com.aviccii.cc.CcApplication] : Started CcApplication in 6.325 seconds (JVM running for 7.26)
[2020/10/22-14:54:15] [restartedMain] [INFO ] [com.aviccii.cc.CcApplication] : Starting CcApplication on DESKTOP-11K43QD with PID 16372 (D:\JAVAProject\blogSystem\target\classes started by Administrator in D:\JAVAProject\blogSystem)
[2020/10/22-14:54:15] [restartedMain] [INFO ] [com.aviccii.cc.CcApplication] : The following profiles are active: dev
[2020/10/22-14:54:21] [restartedMain] [INFO ] [com.aviccii.cc.CcApplication] : Started CcApplication in 6.664 seconds (JVM running for 7.594)
[2020/10/22-14:58:31] [restartedMain] [INFO ] [com.aviccii.cc.CcApplication] : Starting CcApplication on DESKTOP-11K43QD with PID 16036 (D:\JAVAProject\blogSystem\target\classes started by Administrator in D:\JAVAProject\blogSystem)
[2020/10/22-14:58:31] [restartedMain] [INFO ] [com.aviccii.cc.CcApplication] : The following profiles are active: dev
[2020/10/22-14:58:36] [restartedMain] [INFO ] [com.aviccii.cc.CcApplication] : Started CcApplication in 6.036 seconds (JVM running for 6.959)
[2020/10/22-15:08:40] [restartedMain] [INFO ] [com.aviccii.cc.CcApplication] : Starting CcApplication on DESKTOP-11K43QD with PID 4388 (D:\JAVAProject\blogSystem\target\classes started by Administrator in D:\JAVAProject\blogSystem)
[2020/10/22-15:08:40] [restartedMain] [INFO ] [com.aviccii.cc.CcApplication] : The following profiles are active: dev
[2020/10/22-15:08:47] [restartedMain] [INFO ] [com.aviccii.cc.CcApplication] : Started CcApplication in 7.66 seconds (JVM running for 8.782)
[2020/10/22-15:10:23] [http-nio-2020-exec-3] [INFO ] [com.aviccii.cc.services.impl.UserServiceImpl] : captcha font type index == >8
[2020/10/22-15:10:23] [http-nio-2020-exec-3] [INFO ] [com.aviccii.cc.services.impl.UserServiceImpl] : captcha content == >42
[2020/10/22-15:10:36] [http-nio-2020-exec-4] [INFO ] [com.aviccii.cc.services.impl.UserServiceImpl] : password ==>123456
[2020/10/22-15:10:36] [http-nio-2020-exec-4] [INFO ] [com.aviccii.cc.services.impl.UserServiceImpl] : passwordEncoding ==>$2a$10$BIQeIgZhagXjEMi9EWET0OqCPltWTMnQyoFIyXWj/B/jDFAFYf/5.
[2020/10/22-15:10:46] [http-nio-2020-exec-6] [INFO ] [com.aviccii.cc.services.impl.UserServiceImpl] : checkuser ---> avicci
